[0mGET / [36m304 [0m6.274 ms - -[0m
[0mGET /libraries/bootstrap/css/bootstrap.min.css [36m304 [0m2.177 ms - -[0m
[0mGET /libraries/font-awesome/css/font-awesome.min.css [36m304 [0m2.223 ms - -[0m
[0mGET /libraries/slick/slick.css [36m304 [0m0.392 ms - -[0m
[0mGET /stylesheets/main.css [36m304 [0m0.267 ms - -[0m
[0mGET /stylesheets/common/common.css [36m304 [0m0.278 ms - -[0m
[0mGET /stylesheets/common/navBar.css [36m304 [0m0.233 ms - -[0m
[0mGET /stylesheets/common/sideBar.css [36m304 [0m0.701 ms - -[0m
[0mGET /stylesheets/index/index.css [36m304 [0m0.288 ms - -[0m
[0mGET /stylesheets/intro/intro.css [36m304 [0m0.260 ms - -[0m
[0mGET /stylesheets/business/business.css [36m304 [0m0.266 ms - -[0m
[0mGET /stylesheets/product/product.css [36m304 [0m0.259 ms - -[0m
[0mGET /stylesheets/pr/pr.css [36m304 [0m0.272 ms - -[0m
[0mGET /stylesheets/cr/cr.css [36m304 [0m0.885 ms - -[0m
[0mGET /libraries/jquery/jquery.min.js [36m304 [0m0.660 ms - -[0m
[0mGET /libraries/slick/slick.min.js [36m304 [0m0.315 ms - -[0m
[0mGET /libraries/bootstrap/js/bootstrap.min.js [36m304 [0m0.335 ms - -[0m
[0mGET /libraries/angular/angular.min.js [36m304 [0m1.721 ms - -[0m
[0mGET /libraries/angular/angular-animate.min.js [36m304 [0m1.632 ms - -[0m
[0mGET /libraries/angular/angular-route.min.js [36m304 [0m1.458 ms - -[0m
[0mGET /libraries/angular/angular-sanitize.min.js [36m304 [0m1.297 ms - -[0m
[0mGET /javascripts/main/config/mainConfig.js [36m304 [0m1.540 ms - -[0m
[0mGET /javascripts/main/config/routeConfig.js [36m304 [0m1.930 ms - -[0m
[0mGET /javascripts/providers/config/providerConfig.js [36m304 [0m0.704 ms - -[0m
[0mGET /javascripts/filters/config/filterConfig.js [36m304 [0m0.695 ms - -[0m
[0mGET /javascripts/providers/socketProvider.js [36m304 [0m1.509 ms - -[0m
[0mGET /javascripts/providers/accountProvider.js [36m304 [0m1.490 ms - -[0m
[0mGET /javascripts/providers/shingiProvider.js [36m304 [0m1.684 ms - -[0m
[0mGET /javascripts/filters/reverseFilter.js [36m304 [0m0.557 ms - -[0m
[0mGET /javascripts/main/directives/navDirective.js [36m304 [0m4.215 ms - -[0m
[0mGET /javascripts/main/directives/sideBarDirective.js [36m304 [0m2.900 ms - -[0m
[0mGET /javascripts/main/controllers/mainCtrl.js [36m304 [0m3.156 ms - -[0m
[0mGET /javascripts/main/controllers/index/indexCtrl.js [36m304 [0m3.243 ms - -[0m
[0mGET /javascripts/main/controllers/common/navCtrl.js [36m304 [0m2.847 ms - -[0m
[0mGET /javascripts/main/controllers/common/sideCtrl.js [36m304 [0m2.955 ms - -[0m
[0mGET /javascripts/main/controllers/intro/ceoCtrl.js [36m304 [0m0.483 ms - -[0m
[0mGET /javascripts/main/controllers/intro/infoCtrl.js [36m304 [0m2.456 ms - -[0m
[0mGET /javascripts/main/controllers/intro/visionCtrl.js [36m304 [0m2.208 ms - -[0m
[0mGET /javascripts/main/controllers/intro/historyCtrl.js [36m304 [0m1.908 ms - -[0m
[0mGET /javascripts/main/controllers/intro/orgCtrl.js [36m304 [0m2.345 ms - -[0m
[0mGET /javascripts/main/controllers/intro/jobCtrl.js [36m304 [0m2.172 ms - -[0m
[0mGET /javascripts/main/controllers/intro/locationCtrl.js [36m304 [0m0.843 ms - -[0m
[0mGET /javascripts/main/controllers/business/bCableCtrl.js [36m304 [0m4.645 ms - -[0m
[0mGET /javascripts/main/controllers/business/bTradeCtrl.js [36m304 [0m2.785 ms - -[0m
[0mGET /javascripts/main/controllers/business/bConstructCtrl.js [36m304 [0m2.467 ms - -[0m
[0mGET /javascripts/main/controllers/business/bRealestateCtrl.js [36m304 [0m2.690 ms - -[0m
[0mGET /javascripts/main/controllers/product/pCableCtrl.js [36m304 [0m2.815 ms - -[0m
[0mGET /javascripts/main/controllers/product/pTradeCtrl.js [36m304 [0m2.902 ms - -[0m
[0mGET /javascripts/main/controllers/product/pConstructCtrl.js [36m304 [0m2.262 ms - -[0m
[0mGET /javascripts/main/controllers/product/pRealestateCtrl.js [36m304 [0m2.556 ms - -[0m
[0mGET /javascripts/main/controllers/pr/mgmtCtrl.js [36m304 [0m4.003 ms - -[0m
[0mGET /javascripts/main/controllers/pr/certCtrl.js [36m304 [0m2.919 ms - -[0m
[0mGET /javascripts/main/controllers/pr/isoCtrl.js [36m304 [0m3.084 ms - -[0m
[0mGET /javascripts/main/controllers/cr/contactCtrl.js [36m304 [0m2.992 ms - -[0m
[0mGET /javascripts/main/controllers/cr/inquiryCtrl.js [36m304 [0m3.017 ms - -[0m
[0mGET /javascripts/main/controllers/cr/noticeCtrl.js [36m304 [0m2.875 ms - -[0m
[0mGET /templates/main/common/navBar.html [36m304 [0m0.923 ms - -[0m
[0mGET /templates/main/common/sideBar.html [36m304 [0m0.587 ms - -[0m
[0mGET /templates/main/index/index.html [36m304 [0m0.303 ms - -[0m
[0mGET /images/logos/logo.png [36m304 [0m0.853 ms - -[0m
[0mGET /images/banner/hiring.png [36m304 [0m0.412 ms - -[0m
[0mGET /images/banner/contact.png [36m304 [0m5.953 ms - -[0m
[0mGET /images/banner/inquiry.png [36m304 [0m6.161 ms - -[0m
[0mGET /libraries/font-awesome/fonts/fontawesome-webfont.woff2?v=4.5.0 [36m304 [0m2.425 ms - -[0m
[0mGET /images/bg/bg1-min.png [36m304 [0m1.350 ms - -[0m
[0mGET /images/bg/bg2-min.png [36m304 [0m3.866 ms - -[0m
[0mGET /images/bg/bg3-min.png [36m304 [0m4.360 ms - -[0m
[0mGET /images/bg/bg4-min.png [36m304 [0m3.611 ms - -[0m
[0mGET /images/icons/cable.png [36m304 [0m3.151 ms - -[0m
[0mGET /images/icons/trade.png [36m304 [0m3.354 ms - -[0m
[0mGET /images/icons/construction.png [36m304 [0m2.990 ms - -[0m
[0mGET /images/icons/realestate.png [36m304 [0m2.155 ms - -[0m
[0mGET / [32m200 [0m3.534 ms - 6535[0m
[0mGET /libraries/bootstrap/css/bootstrap.min.css [32m200 [0m1.798 ms - 122540[0m
[0mGET /libraries/font-awesome/css/font-awesome.min.css [32m200 [0m1.280 ms - 27466[0m
[0mGET /libraries/slick/slick.css [32m200 [0m1.862 ms - 1729[0m
[0mGET /stylesheets/main.css [32m200 [0m0.761 ms - 465[0m
[0mGET /stylesheets/common/common.css [32m200 [0m5.171 ms - 1287[0m
[0mGET /stylesheets/common/sideBar.css [32m200 [0m3.139 ms - 473[0m
[0mGET /stylesheets/common/navBar.css [32m200 [0m4.236 ms - 3176[0m
[0mGET /stylesheets/index/index.css [32m200 [0m0.949 ms - 1014[0m
[0mGET /stylesheets/intro/intro.css [32m200 [0m0.749 ms - 11448[0m
[0mGET /stylesheets/business/business.css [32m200 [0m0.877 ms - 2292[0m
[0mGET /stylesheets/product/product.css [32m200 [0m1.592 ms - 2556[0m
[0mGET /stylesheets/pr/pr.css [32m200 [0m2.113 ms - 676[0m
[0mGET /stylesheets/cr/cr.css [32m200 [0m2.115 ms - 3014[0m
[0mGET /libraries/jquery/jquery.min.js [32m200 [0m1.581 ms - 97244[0m
[0mGET /libraries/slick/slick.min.js [32m200 [0m2.232 ms - 41953[0m
[0mGET /libraries/bootstrap/js/bootstrap.min.js [32m200 [0m1.572 ms - 36816[0m
[0mGET /libraries/angular/angular-animate.min.js [32m200 [0m2.043 ms - 25342[0m
[0mGET /libraries/angular/angular-route.min.js [32m200 [0m1.116 ms - 4582[0m
[0mGET /libraries/angular/angular.min.js [32m200 [0m3.151 ms - 155225[0m
[0mGET /libraries/angular/angular-sanitize.min.js [32m200 [0m0.962 ms - 5828[0m
[0mGET /javascripts/main/config/mainConfig.js [32m200 [0m0.826 ms - 221[0m
[0mGET /javascripts/providers/config/providerConfig.js [32m200 [0m1.872 ms - 71[0m
[0mGET /javascripts/main/config/routeConfig.js [32m200 [0m3.672 ms - 7729[0m
[0mGET /javascripts/filters/config/filterConfig.js [32m200 [0m3.017 ms - 67[0m
[0mGET /javascripts/providers/socketProvider.js [32m200 [0m0.788 ms - 229[0m
[0mGET /javascripts/providers/accountProvider.js [32m200 [0m1.468 ms - 3759[0m
[0mGET /javascripts/providers/shingiProvider.js [32m200 [0m1.376 ms - 3181[0m
[0mGET /javascripts/filters/reverseFilter.js [32m200 [0m0.878 ms - 168[0m
[0mGET /javascripts/main/directives/navDirective.js [32m200 [0m7.861 ms - 218[0m
[0mGET /javascripts/main/directives/sideBarDirective.js [32m200 [0m4.300 ms - 222[0m
[0mGET /javascripts/main/controllers/index/indexCtrl.js [32m200 [0m1.699 ms - 1204[0m
[0mGET /javascripts/main/controllers/mainCtrl.js [32m200 [0m2.465 ms - 638[0m
[0mGET /javascripts/main/controllers/common/navCtrl.js [32m200 [0m2.328 ms - 3797[0m
[0mGET /javascripts/main/controllers/common/sideCtrl.js [32m200 [0m0.610 ms - 379[0m
[0mGET /javascripts/main/controllers/intro/ceoCtrl.js [32m200 [0m1.526 ms - 127[0m
[0mGET /javascripts/main/controllers/intro/infoCtrl.js [32m200 [0m1.532 ms - 129[0m
[0mGET /javascripts/main/controllers/intro/visionCtrl.js [32m200 [0m0.922 ms - 133[0m
[0mGET /javascripts/main/controllers/intro/historyCtrl.js [32m200 [0m1.507 ms - 135[0m
[0mGET /javascripts/main/controllers/intro/jobCtrl.js [32m200 [0m1.528 ms - 1331[0m
[0mGET /javascripts/main/controllers/intro/orgCtrl.js [32m200 [0m2.449 ms - 127[0m
[0mGET /javascripts/main/controllers/intro/locationCtrl.js [32m200 [0m0.977 ms - 877[0m
[0mGET /javascripts/main/controllers/business/bCableCtrl.js [32m200 [0m2.081 ms - 820[0m
[0mGET /javascripts/main/controllers/business/bTradeCtrl.js [32m200 [0m1.476 ms - 820[0m
[0mGET /javascripts/main/controllers/business/bConstructCtrl.js [32m200 [0m3.897 ms - 885[0m
[0mGET /javascripts/main/controllers/business/bRealestateCtrl.js [32m200 [0m3.528 ms - 886[0m
[0mGET /javascripts/main/controllers/product/pTradeCtrl.js [32m200 [0m1.904 ms - 10520[0m
[0mGET /javascripts/main/controllers/product/pCableCtrl.js [32m200 [0m2.185 ms - 47542[0m
[0mGET /javascripts/main/controllers/product/pConstructCtrl.js [32m200 [0m1.898 ms - 9341[0m
[0mGET /javascripts/main/controllers/product/pRealestateCtrl.js [32m200 [0m1.874 ms - 6832[0m
[0mGET /javascripts/main/controllers/pr/mgmtCtrl.js [32m200 [0m1.448 ms - 129[0m
[0mGET /javascripts/main/controllers/pr/certCtrl.js [32m200 [0m0.684 ms - 129[0m
[0mGET /javascripts/main/controllers/pr/isoCtrl.js [32m200 [0m2.963 ms - 127[0m
[0mGET /javascripts/main/controllers/cr/inquiryCtrl.js [32m200 [0m2.183 ms - 793[0m
[0mGET /javascripts/main/controllers/cr/contactCtrl.js [32m200 [0m3.095 ms - 150[0m
[0mGET /javascripts/main/controllers/cr/noticeCtrl.js [32m200 [0m9.253 ms - 727[0m
[0mGET /templates/main/common/sideBar.html [32m200 [0m1.035 ms - 200[0m
[0mGET /templates/main/common/navBar.html [32m200 [0m2.524 ms - 1383[0m
[0mGET /templates/main/index/index.html [32m200 [0m1.011 ms - 599[0m
[0mGET /images/logos/logo.png [32m200 [0m5.521 ms - 15069[0m
[0mGET /images/banner/inquiry.png [32m200 [0m7.319 ms - 15496[0m
[0mGET /images/banner/contact.png [32m200 [0m8.937 ms - 9556[0m
[0mGET /libraries/font-awesome/fonts/fontawesome-webfont.woff2?v=4.5.0 [32m200 [0m10.251 ms - 66624[0m
[0mGET /images/banner/hiring.png [32m200 [0m11.228 ms - 221319[0m
[0mGET /images/bg/bg2-min.png [32m200 [0m0.930 ms - 304878[0m
[0mGET /images/icons/trade.png [32m200 [0m1.053 ms - 3357[0m
[0mGET /images/icons/cable.png [32m200 [0m2.153 ms - 4516[0m
[0mGET /images/icons/realestate.png [32m200 [0m4.637 ms - 3203[0m
[0mGET /images/icons/construction.png [32m200 [0m3.046 ms - 3430[0m
[0mGET /favicon.ico [33m404 [0m37.588 ms - 1037[0m
[0mGET /images/bg/bg1-min.png [32m200 [0m0.898 ms - 385609[0m
[0mGET /images/bg/bg3-min.png [32m200 [0m2.105 ms - 529397[0m
[0mGET /images/bg/bg4-min.png [32m200 [0m2.204 ms - 344793[0m
[0mGET / [36m304 [0m0.289 ms - -[0m
[0mGET /libraries/bootstrap/css/bootstrap.min.css [36m304 [0m2.353 ms - -[0m
[0mGET /libraries/font-awesome/css/font-awesome.min.css [36m304 [0m2.389 ms - -[0m
[0mGET /libraries/slick/slick.css [36m304 [0m2.454 ms - -[0m
[0mGET /stylesheets/main.css [36m304 [0m2.483 ms - -[0m
[0mGET /stylesheets/common/common.css [36m304 [0m3.037 ms - -[0m
[0mGET /stylesheets/common/navBar.css [36m304 [0m1.773 ms - -[0m
[0mGET /stylesheets/common/sideBar.css [36m304 [0m0.642 ms - -[0m
[0mGET /stylesheets/index/index.css [36m304 [0m0.713 ms - -[0m
[0mGET /stylesheets/intro/intro.css [36m304 [0m1.197 ms - -[0m
[0mGET /stylesheets/business/business.css [36m304 [0m0.980 ms - -[0m
[0mGET /stylesheets/product/product.css [36m304 [0m0.950 ms - -[0m
[0mGET /stylesheets/pr/pr.css [36m304 [0m0.977 ms - -[0m
[0mGET /stylesheets/cr/cr.css [36m304 [0m1.327 ms - -[0m
[0mGET /libraries/jquery/jquery.min.js [36m304 [0m0.608 ms - -[0m
[0mGET /libraries/slick/slick.min.js [36m304 [0m0.393 ms - -[0m
[0mGET /libraries/bootstrap/js/bootstrap.min.js [36m304 [0m0.415 ms - -[0m
[0mGET /libraries/angular/angular.min.js [36m304 [0m0.327 ms - -[0m
[0mGET /libraries/angular/angular-animate.min.js [36m304 [0m0.327 ms - -[0m
[0mGET /libraries/angular/angular-route.min.js [36m304 [0m2.362 ms - -[0m
[0mGET /libraries/angular/angular-sanitize.min.js [36m304 [0m1.456 ms - -[0m
[0mGET /javascripts/main/config/mainConfig.js [36m304 [0m0.838 ms - -[0m
[0mGET /javascripts/main/config/routeConfig.js [36m304 [0m0.855 ms - -[0m
[0mGET /javascripts/providers/config/providerConfig.js [36m304 [0m1.102 ms - -[0m
[0mGET /javascripts/filters/config/filterConfig.js [36m304 [0m1.202 ms - -[0m
[0mGET /javascripts/providers/socketProvider.js [36m304 [0m1.287 ms - -[0m
[0mGET /javascripts/providers/accountProvider.js [36m304 [0m1.275 ms - -[0m
[0mGET /javascripts/providers/shingiProvider.js [36m304 [0m1.100 ms - -[0m
[0mGET /javascripts/filters/reverseFilter.js [36m304 [0m0.611 ms - -[0m
[0mGET /javascripts/main/directives/navDirective.js [36m304 [0m0.628 ms - -[0m
[0mGET /javascripts/main/directives/sideBarDirective.js [36m304 [0m0.537 ms - -[0m
[0mGET /javascripts/main/controllers/mainCtrl.js [36m304 [0m0.894 ms - -[0m
[0mGET /javascripts/main/controllers/index/indexCtrl.js [36m304 [0m1.455 ms - -[0m
[0mGET /javascripts/main/controllers/common/navCtrl.js [36m304 [0m3.264 ms - -[0m
[0mGET /javascripts/main/controllers/common/sideCtrl.js [36m304 [0m2.757 ms - -[0m
[0mGET /javascripts/main/controllers/intro/ceoCtrl.js [36m304 [0m2.882 ms - -[0m
[0mGET /javascripts/main/controllers/intro/infoCtrl.js [36m304 [0m2.673 ms - -[0m
[0mGET /javascripts/main/controllers/intro/visionCtrl.js [36m304 [0m0.935 ms - -[0m
[0mGET /javascripts/main/controllers/intro/historyCtrl.js [36m304 [0m0.882 ms - -[0m
[0mGET /javascripts/main/controllers/intro/orgCtrl.js [36m304 [0m0.345 ms - -[0m
[0mGET /javascripts/main/controllers/intro/jobCtrl.js [36m304 [0m0.504 ms - -[0m
[0mGET /javascripts/main/controllers/intro/locationCtrl.js [36m304 [0m1.336 ms - -[0m
[0mGET /javascripts/main/controllers/business/bCableCtrl.js [36m304 [0m3.943 ms - -[0m
[0mGET /javascripts/main/controllers/business/bTradeCtrl.js [36m304 [0m6.288 ms - -[0m
[0mGET /javascripts/main/controllers/business/bConstructCtrl.js [36m304 [0m4.714 ms - -[0m
[0mGET /javascripts/main/controllers/business/bRealestateCtrl.js [36m304 [0m3.881 ms - -[0m
[0mGET /javascripts/main/controllers/product/pCableCtrl.js [36m304 [0m1.680 ms - -[0m
[0mGET /javascripts/main/controllers/product/pTradeCtrl.js [36m304 [0m8.595 ms - -[0m
[0mGET /javascripts/main/controllers/product/pConstructCtrl.js [36m304 [0m2.619 ms - -[0m
[0mGET /javascripts/main/controllers/product/pRealestateCtrl.js [36m304 [0m1.148 ms - -[0m
[0mGET /javascripts/main/controllers/pr/mgmtCtrl.js [36m304 [0m2.383 ms - -[0m
[0mGET /javascripts/main/controllers/pr/certCtrl.js [36m304 [0m1.862 ms - -[0m
[0mGET /javascripts/main/controllers/pr/isoCtrl.js [36m304 [0m1.769 ms - -[0m
[0mGET /javascripts/main/controllers/cr/contactCtrl.js [36m304 [0m1.609 ms - -[0m
[0mGET /javascripts/main/controllers/cr/inquiryCtrl.js [36m304 [0m1.058 ms - -[0m
[0mGET /javascripts/main/controllers/cr/noticeCtrl.js [36m304 [0m2.215 ms - -[0m
[0mGET /templates/main/common/navBar.html [36m304 [0m0.709 ms - -[0m
[0mGET /templates/main/common/sideBar.html [36m304 [0m0.473 ms - -[0m
[0mGET /templates/main/index/index.html [36m304 [0m0.687 ms - -[0m
[0mGET /images/logos/logo.png [36m304 [0m1.291 ms - -[0m
[0mGET /images/banner/hiring.png [36m304 [0m0.281 ms - -[0m
[0mGET /images/banner/contact.png [36m304 [0m0.248 ms - -[0m
[0mGET /images/banner/inquiry.png [36m304 [0m0.971 ms - -[0m
[0mGET /libraries/font-awesome/fonts/fontawesome-webfont.woff2?v=4.5.0 [36m304 [0m0.735 ms - -[0m
[0mGET /images/bg/bg1-min.png [36m304 [0m0.606 ms - -[0m
[0mGET /images/bg/bg2-min.png [36m304 [0m0.799 ms - -[0m
[0mGET /images/bg/bg3-min.png [36m304 [0m0.603 ms - -[0m
[0mGET /images/bg/bg4-min.png [36m304 [0m0.659 ms - -[0m
[0mGET /images/icons/cable.png [36m304 [0m0.954 ms - -[0m
[0mGET /images/icons/trade.png [36m304 [0m2.178 ms - -[0m
[0mGET /images/icons/construction.png [36m304 [0m2.125 ms - -[0m
[0mGET /images/icons/realestate.png [36m304 [0m2.051 ms - -[0m
[0mGET /libraries/bootstrap/css/bootstrap.min.css [36m304 [0m1.648 ms - -[0m
[0mGET /libraries/font-awesome/css/font-awesome.min.css [36m304 [0m1.508 ms - -[0m
[0mGET /libraries/slick/slick.css [36m304 [0m1.825 ms - -[0m
[0mGET /stylesheets/main.css [36m304 [0m1.911 ms - -[0m
[0mGET /stylesheets/common/common.css [36m304 [0m2.597 ms - -[0m
[0mGET /stylesheets/common/navBar.css [36m304 [0m3.539 ms - -[0m
[0mGET /stylesheets/common/sideBar.css [36m304 [0m1.849 ms - -[0m
[0mGET /stylesheets/index/index.css [36m304 [0m1.686 ms - -[0m
[0mGET /stylesheets/intro/intro.css [36m304 [0m1.679 ms - -[0m
[0mGET /stylesheets/business/business.css [36m304 [0m1.767 ms - -[0m
[0mGET /stylesheets/product/product.css [36m304 [0m1.785 ms - -[0m
[0mGET /stylesheets/pr/pr.css [36m304 [0m1.080 ms - -[0m
[0mGET /stylesheets/cr/cr.css [36m304 [0m0.551 ms - -[0m
[0mGET /libraries/angular/angular-route.min.js.map [32m200 [0m1.823 ms - 11513[0m
[0mGET /libraries/angular/angular-animate.min.js.map [32m200 [0m2.696 ms - 69957[0m
[0mGET /libraries/angular/angular-sanitize.min.js.map [32m200 [0m2.064 ms - 9886[0m
[0mGET /libraries/angular/angular.min.js.map [32m200 [0m1.563 ms - 418919[0m
[0mGET /templates/main/business/cable.html [32m200 [0m1.187 ms - 756[0m
[0mGET /templates/main/business/cable/0.html [32m200 [0m0.960 ms - 1376[0m
[0mGET /images/business/sub_bg2.jpg [32m200 [0m1.050 ms - 50525[0m
[0mGET /images/business/cable/Picture3.png [32m200 [0m2.978 ms - 9880[0m
[0mGET /images/business/cable/Picture1.png [32m200 [0m4.051 ms - 154178[0m
[0mGET /images/business/cable/Picture2.png [32m200 [0m1.584 ms - 239602[0m
[0mGET /templates/main/business/cable/1.html [32m200 [0m1.828 ms - 1285[0m
[0mGET /images/business/cable/Picture6.png [32m200 [0m3.224 ms - 192836[0m
[0mGET /images/business/cable/Picture5.png [32m200 [0m2.824 ms - 236350[0m
[0mGET /images/business/cable/Picture4.png [32m200 [0m2.352 ms - 247174[0m
[0mGET /images/business/cable/Picture7.png [32m200 [0m2.458 ms - 258068[0m
[0mGET /templates/main/product/cable.html [32m200 [0m0.948 ms - 753[0m
[0mGET /templates/main/product/cable/0.html [32m200 [0m1.101 ms - 6285[0m
[0mGET /images/icons/picture2.png [32m200 [0m1.804 ms - 2544[0m
[0mGET /images/icons/picture1.png [32m200 [0m4.783 ms - 3050[0m
[0mGET /images/icons/picture3.png [32m200 [0m4.882 ms - 3404[0m
[0mGET /images/product/cable/0/Picture1.png [32m200 [0m4.361 ms - 29619[0m
[0mGET /images/product/cable/0/Picture3.png [32m200 [0m10.830 ms - 22790[0m
[0mGET /images/product/cable/0/Picture2.png [32m200 [0m4.135 ms - 29619[0m
[0mGET /images/product/cable/0/Picture4.png [32m200 [0m2.192 ms - 22790[0m
[0mGET /images/product/cable/0/Picture5.png [32m200 [0m3.068 ms - 22790[0m
[0mGET /images/product/cable/0/Picture6.png [32m200 [0m1.350 ms - 18943[0m
[0mGET /templates/main/product/cable/1.html [32m200 [0m1.535 ms - 6156[0m
[0mGET /images/product/cable/1/Picture1.png [32m200 [0m0.875 ms - 42058[0m
[0mGET /images/product/cable/1/Picture4.png [32m200 [0m1.346 ms - 17426[0m
[0mGET /images/product/cable/1/Picture3.png [32m200 [0m2.012 ms - 14981[0m
[0mGET /images/product/cable/1/Picture5.png [32m200 [0m1.835 ms - 17051[0m
[0mGET /images/product/cable/1/Picture2.png [32m200 [0m2.398 ms - 47249[0m
[0mGET /templates/main/product/realestate.html [32m200 [0m0.891 ms - 768[0m
[0mGET /templates/main/product/re/0.html [32m200 [0m0.959 ms - 2237[0m
[0mGET /images/product/re/0/Picture1.png [32m200 [0m4.341 ms - 125457[0m
[0mGET /images/product/re/0/Picture2.png [32m200 [0m4.262 ms - 174850[0m
[0mGET /images/product/re/1/Picture2.png [32m200 [0m2.292 ms - 143294[0m
[0mGET /images/product/re/1/Picture1.png [32m200 [0m3.160 ms - 146080[0m
[0mGET /images/product/re/2/Picture2.png [32m200 [0m2.023 ms - 122195[0m
[0mGET /images/product/re/2/Picture1.png [32m200 [0m1.924 ms - 159151[0m
[0mGET /images/product/re/1/Picture1.png [36m304 [0m0.290 ms - -[0m
[0mGET /images/product/re/0/Picture1.png [36m304 [0m0.760 ms - -[0m
[0mGET /templates/main/product/construction.html [32m200 [0m0.806 ms - 759[0m
[0mGET /templates/main/product/construct/0.html [32m200 [0m0.847 ms - 2227[0m
[0mGET /images/product/construct/0/Picture2.png [32m200 [0m2.801 ms - 12978[0m
[0mGET /images/product/construct/0/Picture1.png [32m200 [0m3.801 ms - 162611[0m
[0mGET /templates/main/product/trade.html [32m200 [0m0.990 ms - 747[0m
[0mGET /templates/main/product/trade/0.html [32m200 [0m0.636 ms - 2459[0m
[0mGET /images/product/trade/0/Picture2.png [32m200 [0m1.368 ms - 12978[0m
[0mGET /images/product/trade/0/Picture1.png [32m200 [0m1.366 ms - 181412[0m
[0mGET /images/product/re/0/Picture1.png [36m304 [0m1.362 ms - -[0m
[0mGET /images/product/re/0/Picture2.png [36m304 [0m2.083 ms - -[0m
[0mGET /templates/main/cr/contact.html [32m200 [0m1.231 ms - 1320[0m
[0mGET /images/intro/sub_bg.jpg [32m200 [0m1.056 ms - 32564[0m
[0mGET /templates/main/cr/inquiry.html [32m200 [0m1.396 ms - 4541[0m
[0mGET /templates/main/intro/job.html [32m200 [0m2.060 ms - 727[0m
[0mGET /templates/main/intro/job/0.html [32m200 [0m0.705 ms - 1599[0m
[0mGET /images/intro/job/Picture2.png [32m200 [0m1.663 ms - 49198[0m
[0mGET /images/intro/job/Picture1.png [32m200 [0m1.424 ms - 1246971[0m
[0mGET /templates/main/intro/job/1.html [32m200 [0m3.372 ms - 2307[0m
[0mGET /templates/main/intro/job/2.html [32m200 [0m1.424 ms - 1632[0m
[0mGET /templates/main/intro/job/3.html [32m200 [0m1.451 ms - 1305[0m
[0mGET /templates/main/cr/notice.html [32m200 [0m1.152 ms - 872[0m
[0mGET /images/icons/picture2.png [36m304 [0m4.041 ms - -[0m
[0mGET /images/icons/picture1.png [36m304 [0m5.326 ms - -[0m
[0mGET /images/icons/picture3.png [36m304 [0m4.212 ms - -[0m
[0mGET /images/product/re/0/Picture1.png [36m304 [0m3.940 ms - -[0m
[0mGET /images/product/re/0/Picture2.png [36m304 [0m3.709 ms - -[0m
[0mGET /images/product/re/1/Picture1.png [36m304 [0m0.609 ms - -[0m
[0mGET /images/product/re/1/Picture2.png [36m304 [0m0.632 ms - -[0m
[0mGET /images/product/re/2/Picture1.png [36m304 [0m0.247 ms - -[0m
[0mGET /images/product/re/2/Picture2.png [36m304 [0m0.328 ms - -[0m
[0mGET /images/product/re/1/Picture1.png [36m304 [0m0.300 ms - -[0m
[0mGET /images/product/re/0/Picture1.png [36m304 [0m0.558 ms - -[0m
[0mGET /images/product/construct/0/Picture1.png [36m304 [0m0.621 ms - -[0m
[0mGET /images/product/construct/0/Picture2.png [36m304 [0m0.966 ms - -[0m
[0mGET /images/product/construct/1/Picture2.png [32m200 [0m2.299 ms - 125872[0m
[0mGET /images/product/construct/1/Picture1.png [32m200 [0m4.312 ms - 162611[0m
[0mGET /images/product/construct/2/Picture2.png [32m200 [0m1.683 ms - 69185[0m
[0mGET /images/product/construct/2/Picture1.png [32m200 [0m1.770 ms - 135331[0m
[0mGET /images/product/construct/3/Picture2.png [32m200 [0m1.766 ms - 106491[0m
[0mGET /images/product/construct/3/Picture1.png [32m200 [0m1.949 ms - 83374[0m
[0mGET /images/product/construct/2/Picture1.png [36m304 [0m0.388 ms - -[0m
[0mGET /images/product/construct/1/Picture1.png [36m304 [0m0.595 ms - -[0m
[0mGET /images/product/construct/0/Picture1.png [36m304 [0m0.422 ms - -[0m
[0mGET /images/product/trade/0/Picture1.png [36m304 [0m0.783 ms - -[0m
[0mGET /images/product/trade/0/Picture2.png [36m304 [0m0.813 ms - -[0m
[0mGET /templates/main/product/trade/1.html [32m200 [0m1.364 ms - 2501[0m
[0mGET /images/product/trade/1/Picture2.png [32m200 [0m1.738 ms - 12978[0m
[0mGET /images/product/trade/1/Picture3.png [32m200 [0m1.799 ms - 13214[0m
[0mGET /images/product/trade/1/Picture1.png [32m200 [0m2.030 ms - 152414[0m
[0mGET /images/product/trade/1/Picture3.png [36m304 [0m0.437 ms - -[0m
[0mGET /images/product/cable/0/Picture1.png [36m304 [0m2.306 ms - -[0m
[0mGET /images/product/cable/0/Picture2.png [36m304 [0m2.232 ms - -[0m
[0mGET /images/product/cable/0/Picture3.png [36m304 [0m2.834 ms - -[0m
[0mGET /images/product/cable/0/Picture4.png [36m304 [0m2.875 ms - -[0m
[0mGET /images/product/cable/0/Picture5.png [36m304 [0m3.477 ms - -[0m
[0mGET /images/product/cable/0/Picture6.png [36m304 [0m3.601 ms - -[0m
[0mGET / [32m200 [0m3.518 ms - 6535[0m
[0mGET /libraries/bootstrap/css/bootstrap.min.css [32m200 [0m1.802 ms - 122540[0m
[0mGET /libraries/slick/slick.css [32m200 [0m2.155 ms - 1729[0m
[0mGET /stylesheets/main.css [32m200 [0m2.783 ms - 465[0m
[0mGET /libraries/font-awesome/css/font-awesome.min.css [32m200 [0m2.505 ms - 27466[0m
[0mGET /stylesheets/common/sideBar.css [32m200 [0m4.566 ms - 473[0m
[0mGET /stylesheets/index/index.css [32m200 [0m17.082 ms - 1014[0m
[0mGET /stylesheets/intro/intro.css [32m200 [0m17.487 ms - 11448[0m
[0mGET /stylesheets/business/business.css [32m200 [0m19.779 ms - 2292[0m
[0mGET /stylesheets/common/navBar.css [32m200 [0m18.597 ms - 3176[0m
[0mGET /stylesheets/cr/cr.css [32m200 [0m18.957 ms - 3014[0m
[0mGET /stylesheets/common/common.css [32m200 [0m20.062 ms - 1287[0m
[0mGET /libraries/bootstrap/js/bootstrap.min.js [32m200 [0m18.473 ms - 36816[0m
[0mGET /libraries/angular/angular-animate.min.js [32m200 [0m18.568 ms - 25342[0m
[0mGET /javascripts/main/config/mainConfig.js [32m200 [0m12.534 ms - 221[0m
[0mGET /libraries/jquery/jquery.min.js [32m200 [0m19.842 ms - 97244[0m
[0mGET /javascripts/filters/config/filterConfig.js [32m200 [0m10.211 ms - 67[0m
[0mGET /stylesheets/product/product.css [32m200 [0m16.182 ms - 2556[0m
[0mGET /stylesheets/pr/pr.css [32m200 [0m15.163 ms - 676[0m
[0mGET /javascripts/providers/config/providerConfig.js [32m200 [0m10.781 ms - 71[0m
[0mGET /javascripts/main/config/routeConfig.js [32m200 [0m10.118 ms - 7729[0m
[0mGET /libraries/angular/angular-sanitize.min.js [32m200 [0m9.138 ms - 5828[0m
[0mGET /javascripts/providers/socketProvider.js [32m200 [0m0.702 ms - 229[0m
[0mGET /libraries/slick/slick.min.js [32m200 [0m10.000 ms - 41953[0m
[0mGET /javascripts/providers/accountProvider.js [32m200 [0m0.754 ms - 3759[0m
[0mGET /javascripts/filters/reverseFilter.js [32m200 [0m0.852 ms - 168[0m
[0mGET /javascripts/providers/shingiProvider.js [32m200 [0m2.702 ms - 3181[0m
[0mGET /javascripts/main/directives/navDirective.js [32m200 [0m5.702 ms - 218[0m
[0mGET /javascripts/main/directives/sideBarDirective.js [32m200 [0m5.770 ms - 222[0m
[0mGET /javascripts/main/controllers/mainCtrl.js [32m200 [0m2.101 ms - 638[0m
[0mGET /javascripts/main/controllers/index/indexCtrl.js [32m200 [0m2.855 ms - 1204[0m
[0mGET /javascripts/main/controllers/intro/ceoCtrl.js [32m200 [0m1.470 ms - 127[0m
[0mGET /javascripts/main/controllers/common/navCtrl.js [32m200 [0m1.744 ms - 3797[0m
[0mGET /javascripts/main/controllers/common/sideCtrl.js [32m200 [0m1.695 ms - 379[0m
[0mGET /libraries/angular/angular.min.js [32m200 [0m10.095 ms - 155225[0m
[0mGET /libraries/angular/angular-route.min.js [32m200 [0m9.334 ms - 4582[0m
[0mGET /javascripts/main/controllers/intro/infoCtrl.js [32m200 [0m0.917 ms - 129[0m
[0mGET /javascripts/main/controllers/intro/visionCtrl.js [32m200 [0m1.998 ms - 133[0m
[0mGET /javascripts/main/controllers/intro/jobCtrl.js [32m200 [0m3.767 ms - 1331[0m
[0mGET /javascripts/main/controllers/intro/historyCtrl.js [32m200 [0m2.751 ms - 135[0m
[0mGET /javascripts/main/controllers/intro/orgCtrl.js [32m200 [0m3.026 ms - 127[0m
[0mGET /javascripts/main/controllers/intro/locationCtrl.js [32m200 [0m3.276 ms - 877[0m
[0mGET /javascripts/main/controllers/business/bCableCtrl.js [32m200 [0m1.136 ms - 820[0m
[0mGET /javascripts/main/controllers/business/bTradeCtrl.js [32m200 [0m1.441 ms - 820[0m
[0mGET /javascripts/main/controllers/business/bConstructCtrl.js [32m200 [0m1.606 ms - 885[0m
[0mGET /javascripts/main/controllers/business/bRealestateCtrl.js [32m200 [0m1.065 ms - 886[0m
[0mGET /javascripts/main/controllers/product/pCableCtrl.js [32m200 [0m1.310 ms - 47542[0m
[0mGET /javascripts/main/controllers/product/pTradeCtrl.js [32m200 [0m1.816 ms - 10520[0m
[0mGET /javascripts/main/controllers/product/pConstructCtrl.js [32m200 [0m3.141 ms - 9341[0m
[0mGET /javascripts/main/controllers/pr/isoCtrl.js [32m200 [0m1.853 ms - 127[0m
[0mGET /javascripts/main/controllers/product/pRealestateCtrl.js [32m200 [0m3.095 ms - 6832[0m
[0mGET /javascripts/main/controllers/pr/mgmtCtrl.js [32m200 [0m2.065 ms - 129[0m
[0mGET /javascripts/main/controllers/cr/contactCtrl.js [32m200 [0m1.045 ms - 150[0m
[0mGET /javascripts/main/controllers/cr/inquiryCtrl.js [32m200 [0m1.667 ms - 793[0m
[0mGET /javascripts/main/controllers/cr/noticeCtrl.js [32m200 [0m1.552 ms - 727[0m
[0mGET /javascripts/main/controllers/pr/certCtrl.js [32m200 [0m1.014 ms - 129[0m
[0mGET /templates/main/common/navBar.html [32m200 [0m2.141 ms - 1383[0m
[0mGET /templates/main/index/index.html [32m200 [0m1.562 ms - 599[0m
[0mGET /templates/main/common/sideBar.html [32m200 [0m2.264 ms - 200[0m
[0mGET /images/bg/bg1-min.png [32m200 [0m1.862 ms - 385609[0m
[0mGET /images/icons/trade.png [32m200 [0m9.126 ms - 3357[0m
[0mGET /images/icons/cable.png [32m200 [0m7.269 ms - 4516[0m
[0mGET /images/bg/bg4-min.png [32m200 [0m1.933 ms - 344793[0m
[0mGET /images/logos/logo.png [32m200 [0m1.406 ms - 15069[0m
[0mGET /images/bg/bg2-min.png [32m200 [0m1.845 ms - 304878[0m
[0mGET /images/bg/bg3-min.png [32m200 [0m1.830 ms - 529397[0m
[0mGET /images/icons/construction.png [32m200 [0m8.833 ms - 3430[0m
[0mGET /images/icons/realestate.png [32m200 [0m4.392 ms - 3203[0m
[0mGET /libraries/font-awesome/fonts/fontawesome-webfont.woff?v=4.5.0 [32m200 [0m2.536 ms - 83588[0m
[0mGET /templates/main/business/construction.html [32m200 [0m2.096 ms - 762[0m
[0mGET /templates/main/business/construct/0.html [32m200 [0m1.459 ms - 2626[0m
[0mGET /images/business/sub_bg2.jpg [32m200 [0m1.724 ms - 50525[0m
[0mGET /images/business/construct/Picture1.png [32m200 [0m0.849 ms - 11018[0m
[0mGET /images/business/construct/Picture2.png [32m200 [0m2.067 ms - 79197[0m
[0mGET /images/business/construct/Picture3.png [32m200 [0m1.951 ms - 77999[0m
[0mGET /images/business/construct/Picture9.png [32m200 [0m1.526 ms - 67195[0m
[0mGET /images/business/construct/Picture4.png [32m200 [0m1.728 ms - 82765[0m
[0mGET / [36m304 [0m0.463 ms - -[0m
[0mGET /libraries/bootstrap/css/bootstrap.min.css [36m304 [0m0.267 ms - -[0m
[0mGET /libraries/font-awesome/css/font-awesome.min.css [36m304 [0m1.638 ms - -[0m
[0mGET /libraries/slick/slick.css [36m304 [0m1.491 ms - -[0m
[0mGET /stylesheets/main.css [36m304 [0m2.091 ms - -[0m
[0mGET /stylesheets/common/common.css [36m304 [0m2.014 ms - -[0m
[0mGET /stylesheets/common/navBar.css [36m304 [0m1.970 ms - -[0m
[0mGET /stylesheets/common/sideBar.css [36m304 [0m0.234 ms - -[0m
[0mGET /stylesheets/index/index.css [32m200 [0m2.608 ms - 1012[0m
[0mGET /stylesheets/intro/intro.css [36m304 [0m1.279 ms - -[0m
[0mGET /stylesheets/business/business.css [36m304 [0m1.553 ms - -[0m
[0mGET /stylesheets/pr/pr.css [36m304 [0m1.558 ms - -[0m
[0mGET /stylesheets/cr/cr.css [36m304 [0m1.550 ms - -[0m
[0mGET /stylesheets/product/product.css [32m200 [0m2.475 ms - 2556[0m
[0mGET /libraries/jquery/jquery.min.js [36m304 [0m0.463 ms - -[0m
[0mGET /libraries/slick/slick.min.js [36m304 [0m0.704 ms - -[0m
[0mGET /libraries/bootstrap/js/bootstrap.min.js [36m304 [0m0.778 ms - -[0m
[0mGET /libraries/angular/angular.min.js [36m304 [0m0.591 ms - -[0m
[0mGET /libraries/angular/angular-animate.min.js [36m304 [0m0.586 ms - -[0m
[0mGET /libraries/angular/angular-route.min.js [36m304 [0m0.570 ms - -[0m
[0mGET /libraries/angular/angular-sanitize.min.js [36m304 [0m0.427 ms - -[0m
[0mGET /javascripts/main/config/mainConfig.js [36m304 [0m0.584 ms - -[0m
[0mGET /javascripts/main/config/routeConfig.js [36m304 [0m0.530 ms - -[0m
[0mGET /javascripts/providers/config/providerConfig.js [36m304 [0m0.950 ms - -[0m
[0mGET /javascripts/filters/config/filterConfig.js [36m304 [0m0.683 ms - -[0m
[0mGET /javascripts/providers/socketProvider.js [36m304 [0m0.602 ms - -[0m
[0mGET /javascripts/providers/accountProvider.js [36m304 [0m0.504 ms - -[0m
[0mGET /javascripts/providers/shingiProvider.js [36m304 [0m0.480 ms - -[0m
[0mGET /javascripts/filters/reverseFilter.js [36m304 [0m0.764 ms - -[0m
[0mGET /javascripts/main/directives/navDirective.js [36m304 [0m0.769 ms - -[0m
[0mGET /javascripts/main/directives/sideBarDirective.js [36m304 [0m0.752 ms - -[0m
[0mGET /javascripts/main/controllers/mainCtrl.js [36m304 [0m0.581 ms - -[0m
[0mGET /javascripts/main/controllers/index/indexCtrl.js [32m200 [0m1.319 ms - 1272[0m
[0mGET /javascripts/main/controllers/common/navCtrl.js [36m304 [0m0.407 ms - -[0m
[0mGET /javascripts/main/controllers/common/sideCtrl.js [36m304 [0m0.410 ms - -[0m
[0mGET /javascripts/main/controllers/intro/ceoCtrl.js [36m304 [0m0.348 ms - -[0m
[0mGET /javascripts/main/controllers/intro/infoCtrl.js [36m304 [0m0.369 ms - -[0m
[0mGET /javascripts/main/controllers/intro/visionCtrl.js [36m304 [0m0.377 ms - -[0m
[0mGET /javascripts/main/controllers/intro/historyCtrl.js [36m304 [0m0.232 ms - -[0m
[0mGET /javascripts/main/controllers/intro/orgCtrl.js [36m304 [0m1.557 ms - -[0m
[0mGET /javascripts/main/controllers/intro/jobCtrl.js [36m304 [0m1.502 ms - -[0m
[0mGET /javascripts/main/controllers/intro/locationCtrl.js [36m304 [0m1.434 ms - -[0m
[0mGET /javascripts/main/controllers/business/bCableCtrl.js [36m304 [0m1.141 ms - -[0m
[0mGET /javascripts/main/controllers/business/bTradeCtrl.js [36m304 [0m0.978 ms - -[0m
[0mGET /javascripts/main/controllers/business/bConstructCtrl.js [36m304 [0m0.365 ms - -[0m
[0mGET /javascripts/main/controllers/business/bRealestateCtrl.js [36m304 [0m0.286 ms - -[0m
[0mGET /javascripts/main/controllers/product/pCableCtrl.js [36m304 [0m0.280 ms - -[0m
[0mGET /javascripts/main/controllers/product/pTradeCtrl.js [36m304 [0m0.671 ms - -[0m
[0mGET /javascripts/main/controllers/product/pConstructCtrl.js [36m304 [0m0.714 ms - -[0m
[0mGET /javascripts/main/controllers/product/pRealestateCtrl.js [36m304 [0m0.805 ms - -[0m
[0mGET /javascripts/main/controllers/pr/mgmtCtrl.js [36m304 [0m0.879 ms - -[0m
[0mGET /javascripts/main/controllers/pr/certCtrl.js [36m304 [0m0.318 ms - -[0m
[0mGET /javascripts/main/controllers/pr/isoCtrl.js [36m304 [0m0.517 ms - -[0m
[0mGET /javascripts/main/controllers/cr/contactCtrl.js [36m304 [0m0.518 ms - -[0m
[0mGET /javascripts/main/controllers/cr/inquiryCtrl.js [36m304 [0m0.436 ms - -[0m
[0mGET /javascripts/main/controllers/cr/noticeCtrl.js [36m304 [0m0.853 ms - -[0m
[0mGET /templates/main/common/navBar.html [36m304 [0m1.157 ms - -[0m
[0mGET /templates/main/common/sideBar.html [36m304 [0m1.087 ms - -[0m
[0mGET /templates/main/index/index.html [32m200 [0m1.768 ms - 932[0m
[0mGET /images/logos/logo.png [36m304 [0m0.268 ms - -[0m
[0mGET /images/bg/bg1-min.png [36m304 [0m0.962 ms - -[0m
[0mGET /images/bg/bg2-min.png [36m304 [0m0.751 ms - -[0m
[0mGET /images/bg/bg3-min.png [36m304 [0m0.687 ms - -[0m
[0mGET /images/bg/bg4-min.png [36m304 [0m0.388 ms - -[0m
[0mGET /images/icons/cable.png [36m304 [0m0.439 ms - -[0m
[0mGET /images/icons/trade.png [36m304 [0m0.455 ms - -[0m
[0mGET /images/icons/construction.png [36m304 [0m2.167 ms - -[0m
[0mGET /images/icons/realestate.png [36m304 [0m1.770 ms - -[0m
[0mGET /images/banner/hiring.png [36m304 [0m0.384 ms - -[0m
[0mGET /images/banner/contact.png [36m304 [0m0.355 ms - -[0m
[0mGET /images/banner/inquiry.png [36m304 [0m0.351 ms - -[0m
[0mGET /libraries/font-awesome/fonts/fontawesome-webfont.woff2?v=4.5.0 [36m304 [0m0.611 ms - -[0m
[0mGET / [36m304 [0m1.895 ms - -[0m
[0mGET /libraries/bootstrap/css/bootstrap.min.css [36m304 [0m3.557 ms - -[0m
[0mGET /libraries/font-awesome/css/font-awesome.min.css [36m304 [0m3.379 ms - -[0m
[0mGET /libraries/slick/slick.css [36m304 [0m3.430 ms - -[0m
[0mGET /stylesheets/main.css [36m304 [0m3.684 ms - -[0m
[0mGET /stylesheets/common/common.css [36m304 [0m3.647 ms - -[0m
[0mGET /stylesheets/common/navBar.css [36m304 [0m3.749 ms - -[0m
[0mGET /stylesheets/common/sideBar.css [36m304 [0m2.822 ms - -[0m
[0mGET /stylesheets/index/index.css [36m304 [0m4.511 ms - -[0m
[0mGET /stylesheets/intro/intro.css [36m304 [0m6.153 ms - -[0m
[0mGET /stylesheets/business/business.css [36m304 [0m5.264 ms - -[0m
[0mGET /stylesheets/product/product.css [36m304 [0m8.843 ms - -[0m
[0mGET /stylesheets/pr/pr.css [36m304 [0m9.907 ms - -[0m
[0mGET /stylesheets/cr/cr.css [36m304 [0m1.125 ms - -[0m
[0mGET /libraries/jquery/jquery.min.js [36m304 [0m1.056 ms - -[0m
[0mGET /libraries/slick/slick.min.js [36m304 [0m1.033 ms - -[0m
[0mGET /libraries/bootstrap/js/bootstrap.min.js [36m304 [0m0.974 ms - -[0m
[0mGET /libraries/angular/angular.min.js [36m304 [0m0.242 ms - -[0m
[0mGET /libraries/angular/angular-animate.min.js [36m304 [0m0.302 ms - -[0m
[0mGET /libraries/angular/angular-route.min.js [36m304 [0m0.443 ms - -[0m
[0mGET /libraries/angular/angular-sanitize.min.js [36m304 [0m2.135 ms - -[0m
[0mGET /javascripts/main/config/mainConfig.js [36m304 [0m2.143 ms - -[0m
[0mGET /javascripts/main/config/routeConfig.js [36m304 [0m2.261 ms - -[0m
[0mGET /javascripts/providers/config/providerConfig.js [36m304 [0m2.167 ms - -[0m
[0mGET /javascripts/filters/config/filterConfig.js [36m304 [0m1.504 ms - -[0m
[0mGET /javascripts/providers/socketProvider.js [36m304 [0m1.476 ms - -[0m
[0mGET /javascripts/providers/accountProvider.js [36m304 [0m0.448 ms - -[0m
[0mGET /javascripts/providers/shingiProvider.js [36m304 [0m0.369 ms - -[0m
[0mGET /javascripts/filters/reverseFilter.js [36m304 [0m0.863 ms - -[0m
[0mGET /javascripts/main/directives/navDirective.js [36m304 [0m0.914 ms - -[0m
[0mGET /javascripts/main/directives/sideBarDirective.js [36m304 [0m0.893 ms - -[0m
[0mGET /javascripts/main/controllers/mainCtrl.js [36m304 [0m0.289 ms - -[0m
[0mGET /javascripts/main/controllers/index/indexCtrl.js [36m304 [0m0.319 ms - -[0m
[0mGET /javascripts/main/controllers/common/navCtrl.js [36m304 [0m0.342 ms - -[0m
[0mGET /javascripts/main/controllers/common/sideCtrl.js [36m304 [0m1.388 ms - -[0m
[0mGET /javascripts/main/controllers/intro/ceoCtrl.js [36m304 [0m1.286 ms - -[0m
[0mGET /javascripts/main/controllers/intro/infoCtrl.js [36m304 [0m1.528 ms - -[0m
[0mGET /javascripts/main/controllers/intro/visionCtrl.js [36m304 [0m1.532 ms - -[0m
[0mGET /javascripts/main/controllers/intro/historyCtrl.js [36m304 [0m1.421 ms - -[0m
[0mGET /javascripts/main/controllers/intro/orgCtrl.js [36m304 [0m0.237 ms - -[0m
[0mGET /javascripts/main/controllers/intro/jobCtrl.js [36m304 [0m0.305 ms - -[0m
[0mGET /javascripts/main/controllers/intro/locationCtrl.js [36m304 [0m0.621 ms - -[0m
[0mGET /javascripts/main/controllers/business/bCableCtrl.js [36m304 [0m1.941 ms - -[0m
[0mGET /javascripts/main/controllers/business/bTradeCtrl.js [36m304 [0m1.883 ms - -[0m
[0mGET /javascripts/main/controllers/business/bConstructCtrl.js [36m304 [0m1.345 ms - -[0m
[0mGET /javascripts/main/controllers/business/bRealestateCtrl.js [36m304 [0m1.041 ms - -[0m
[0mGET /javascripts/main/controllers/product/pCableCtrl.js [36m304 [0m2.675 ms - -[0m
[0mGET /javascripts/main/controllers/product/pTradeCtrl.js [36m304 [0m2.761 ms - -[0m
[0mGET /javascripts/main/controllers/product/pConstructCtrl.js [36m304 [0m1.773 ms - -[0m
[0mGET /javascripts/main/controllers/product/pRealestateCtrl.js [36m304 [0m1.777 ms - -[0m
[0mGET /javascripts/main/controllers/pr/mgmtCtrl.js [36m304 [0m1.413 ms - -[0m
[0mGET /javascripts/main/controllers/pr/certCtrl.js [36m304 [0m1.387 ms - -[0m
[0mGET /javascripts/main/controllers/pr/isoCtrl.js [36m304 [0m0.329 ms - -[0m
[0mGET /javascripts/main/controllers/cr/contactCtrl.js [36m304 [0m0.306 ms - -[0m
[0mGET /javascripts/main/controllers/cr/inquiryCtrl.js [36m304 [0m0.254 ms - -[0m
[0mGET /javascripts/main/controllers/cr/noticeCtrl.js [36m304 [0m0.191 ms - -[0m
[0mGET /templates/main/common/navBar.html [36m304 [0m0.227 ms - -[0m
[0mGET /templates/main/common/sideBar.html [36m304 [0m0.178 ms - -[0m
[0mGET /templates/main/index/index.html [36m304 [0m0.384 ms - -[0m
[0mGET /images/logos/logo.png [36m304 [0m0.344 ms - -[0m
[0mGET /images/banner/hiring.png [36m304 [0m0.468 ms - -[0m
[0mGET /images/banner/contact.png [36m304 [0m0.564 ms - -[0m
[0mGET /images/banner/inquiry.png [36m304 [0m0.252 ms - -[0m
[0mGET /libraries/font-awesome/fonts/fontawesome-webfont.woff2?v=4.5.0 [36m304 [0m0.262 ms - -[0m
[0mGET /images/bg/bg1-min.png [36m304 [0m0.647 ms - -[0m
[0mGET /images/bg/bg2-min.png [36m304 [0m0.668 ms - -[0m
[0mGET /images/bg/bg3-min.png [36m304 [0m0.648 ms - -[0m
[0mGET /images/bg/bg4-min.png [36m304 [0m0.717 ms - -[0m
[0mGET /images/icons/cable.png [36m304 [0m0.329 ms - -[0m
[0mGET /images/icons/trade.png [36m304 [0m1.314 ms - -[0m
[0mGET /images/icons/construction.png [36m304 [0m1.237 ms - -[0m
[0mGET /images/icons/realestate.png [36m304 [0m0.687 ms - -[0m
[0mGET /templates/main/product/cable.html [36m304 [0m0.487 ms - -[0m
[0mGET /templates/main/product/cable/0.html [36m304 [0m0.569 ms - -[0m
[0mGET /images/business/sub_bg2.jpg [36m304 [0m0.799 ms - -[0m
[0mGET /images/icons/picture2.png [36m304 [0m0.387 ms - -[0m
[0mGET /images/icons/picture1.png [36m304 [0m0.447 ms - -[0m
[0mGET /images/icons/picture3.png [36m304 [0m1.354 ms - -[0m
[0mGET /images/product/cable/0/Picture1.png [36m304 [0m1.431 ms - -[0m
[0mGET /images/product/cable/0/Picture2.png [36m304 [0m1.332 ms - -[0m
[0mGET /images/product/cable/0/Picture3.png [36m304 [0m1.306 ms - -[0m
[0mGET /images/product/cable/0/Picture4.png [36m304 [0m0.542 ms - -[0m
[0mGET /images/product/cable/0/Picture5.png [36m304 [0m0.404 ms - -[0m
[0mGET /images/product/cable/0/Picture6.png [36m304 [0m0.278 ms - -[0m
[0mGET / [32m200 [0m1.046 ms - 6704[0m
[0mGET /favicon.ico [33m404 [0m3.990 ms - 1037[0m
[0mGET / [32m200 [0m1.247 ms - 6704[0m
[0mGET /libraries/slick/slick.css [32m200 [0m3.116 ms - 1729[0m
[0mGET /libraries/font-awesome/css/font-awesome.min.css [32m200 [0m3.024 ms - 27466[0m
[0mGET /stylesheets/main.css [32m200 [0m2.997 ms - 465[0m
[0mGET /stylesheets/common/common.css [32m200 [0m3.294 ms - 1287[0m
[0mGET /stylesheets/common/navBar.css [32m200 [0m2.894 ms - 3176[0m
[0mGET /libraries/bootstrap/css/bootstrap.min.css [32m200 [0m3.433 ms - 122540[0m
[0mGET /stylesheets/common/sideBar.css [32m200 [0m1.891 ms - 473[0m
[0mGET /stylesheets/index/index.css [32m200 [0m1.918 ms - 1012[0m
[0mGET /stylesheets/intro/intro.css [32m200 [0m1.001 ms - 11448[0m
[0mGET /stylesheets/business/business.css [32m200 [0m2.181 ms - 2292[0m
[0mGET /stylesheets/product/product.css [32m200 [0m2.442 ms - 2556[0m
[0mGET /stylesheets/pr/pr.css [32m200 [0m0.853 ms - 676[0m
[0mGET /stylesheets/cr/cr.css [32m200 [0m1.452 ms - 3014[0m
[0mGET /libraries/slick/slick.min.js [32m200 [0m1.441 ms - 41953[0m
[0mGET /libraries/bootstrap/js/bootstrap.min.js [32m200 [0m1.217 ms - 36816[0m
[0mGET /libraries/angular/angular-animate.min.js [32m200 [0m1.270 ms - 25342[0m
[0mGET /libraries/jquery/jquery.min.js [32m200 [0m1.311 ms - 97244[0m
[0mGET /libraries/angular/angular.min.js [32m200 [0m1.865 ms - 155225[0m
[0mGET /libraries/angular/angular-route.min.js [32m200 [0m1.293 ms - 4582[0m
[0mGET /libraries/angular/angular-sanitize.min.js [32m200 [0m0.823 ms - 5828[0m
[0mGET /javascripts/main/config/mainConfig.js [32m200 [0m0.695 ms - 221[0m
[0mGET /javascripts/main/config/routeConfig.js [32m200 [0m0.798 ms - 7729[0m
[0mGET /javascripts/providers/config/providerConfig.js [32m200 [0m0.901 ms - 71[0m
[0mGET /javascripts/filters/config/filterConfig.js [32m200 [0m0.872 ms - 67[0m
[0mGET /javascripts/providers/socketProvider.js [32m200 [0m0.948 ms - 229[0m
[0mGET /javascripts/providers/accountProvider.js [32m200 [0m1.198 ms - 3759[0m
[0mGET /javascripts/providers/shingiProvider.js [32m200 [0m1.262 ms - 3181[0m
[0mGET /javascripts/filters/reverseFilter.js [32m200 [0m1.653 ms - 168[0m
[0mGET /javascripts/main/directives/navDirective.js [32m200 [0m1.682 ms - 218[0m
[0mGET /javascripts/main/controllers/mainCtrl.js [32m200 [0m1.636 ms - 638[0m
[0mGET /javascripts/main/directives/sideBarDirective.js [32m200 [0m2.550 ms - 222[0m
[0mGET /javascripts/main/controllers/index/indexCtrl.js [32m200 [0m0.832 ms - 1272[0m
[0mGET /javascripts/main/controllers/common/navCtrl.js [32m200 [0m0.694 ms - 3797[0m
[0mGET /javascripts/main/controllers/common/sideCtrl.js [32m200 [0m0.725 ms - 379[0m
[0mGET /javascripts/main/controllers/intro/visionCtrl.js [32m200 [0m1.918 ms - 133[0m
[0mGET /javascripts/main/controllers/intro/infoCtrl.js [32m200 [0m2.019 ms - 129[0m
[0mGET /javascripts/main/controllers/intro/ceoCtrl.js [32m200 [0m2.105 ms - 127[0m
[0mGET /javascripts/main/controllers/intro/historyCtrl.js [32m200 [0m1.533 ms - 135[0m
[0mGET /javascripts/main/controllers/intro/orgCtrl.js [32m200 [0m1.107 ms - 127[0m
[0mGET /javascripts/main/controllers/intro/locationCtrl.js [32m200 [0m0.743 ms - 877[0m
[0mGET /javascripts/main/controllers/intro/jobCtrl.js [32m200 [0m1.454 ms - 1331[0m
[0mGET /javascripts/main/controllers/business/bCableCtrl.js [32m200 [0m1.027 ms - 820[0m
[0mGET /javascripts/main/controllers/business/bTradeCtrl.js [32m200 [0m1.215 ms - 820[0m
[0mGET /javascripts/main/controllers/business/bConstructCtrl.js [32m200 [0m0.740 ms - 885[0m
[0mGET /javascripts/main/controllers/business/bRealestateCtrl.js [32m200 [0m0.952 ms - 886[0m
[0mGET /javascripts/main/controllers/product/pCableCtrl.js [32m200 [0m0.719 ms - 47543[0m
[0mGET /javascripts/main/controllers/product/pTradeCtrl.js [32m200 [0m0.886 ms - 10523[0m
[0mGET /javascripts/main/controllers/product/pConstructCtrl.js [32m200 [0m0.840 ms - 9341[0m
[0mGET /javascripts/main/controllers/product/pRealestateCtrl.js [32m200 [0m0.740 ms - 6832[0m
[0mGET /javascripts/main/controllers/pr/mgmtCtrl.js [32m200 [0m0.928 ms - 129[0m
[0mGET /javascripts/main/controllers/pr/certCtrl.js [32m200 [0m0.978 ms - 129[0m
[0mGET /javascripts/main/controllers/pr/isoCtrl.js [32m200 [0m0.673 ms - 127[0m
[0mGET /javascripts/main/controllers/cr/contactCtrl.js [32m200 [0m1.160 ms - 150[0m
[0mGET /javascripts/main/controllers/cr/inquiryCtrl.js [32m200 [0m1.566 ms - 793[0m
[0mGET /javascripts/main/controllers/cr/noticeCtrl.js [32m200 [0m0.708 ms - 727[0m
[0mGET /templates/main/common/navBar.html [32m200 [0m2.474 ms - 1383[0m
[0mGET /templates/main/common/sideBar.html [32m200 [0m3.088 ms - 200[0m
[0mGET /templates/main/index/index.html [32m200 [0m0.635 ms - 932[0m
[0mGET /favicon.ico [33m404 [0m2.232 ms - 1037[0m
[0mGET /images/logos/logo.png [32m200 [0m1.760 ms - 15069[0m
[0mGET /libraries/font-awesome/fonts/fontawesome-webfont.woff2?v=4.5.0 [32m200 [0m2.637 ms - 66624[0m
[0mGET /images/icons/trade.png [32m200 [0m2.205 ms - 3357[0m
[0mGET /images/icons/cable.png [32m200 [0m2.338 ms - 4516[0m
[0mGET /images/icons/realestate.png [32m200 [0m0.721 ms - 3203[0m
[0mGET /images/icons/construction.png [32m200 [0m0.871 ms - 3430[0m
[0mGET /images/banner/contact.png [32m200 [0m0.814 ms - 9556[0m
[0mGET /images/banner/hiring.png [32m200 [0m1.160 ms - 221319[0m
[0mGET /images/bg/bg2-min.png [32m200 [0m3.451 ms - 304878[0m
[0mGET /images/bg/bg1-min.png [32m200 [0m2.740 ms - 385609[0m
[0mGET /images/bg/bg4-min.png [32m200 [0m3.198 ms - 344793[0m
[0mGET /images/banner/inquiry.png [32m200 [0m1.331 ms - 15496[0m
[0mGET /images/bg/bg3-min.png [32m200 [0m3.418 ms - 529397[0m
[0mGET /templates/main/intro/ceo.html [32m200 [0m1.224 ms - 2134[0m
[0mGET /images/intro/sub_bg.jpg [32m200 [0m1.213 ms - 32564[0m
[0mGET /templates/main/intro/info.html [32m200 [0m1.746 ms - 1303[0m
[0mGET /images/intro/info/info.png [32m200 [0m1.077 ms - 178589[0m
[0mGET /templates/main/intro/vision.html [32m200 [0m1.353 ms - 3692[0m
[0mGET /images/intro/vision/Picture1.png [32m200 [0m0.942 ms - 99066[0m
[0mGET /templates/main/intro/history.html [32m200 [0m2.248 ms - 2262[0m
[0mGET /images/intro/history/Picture1.png [32m200 [0m1.124 ms - 51724[0m
[0mGET /templates/main/intro/org.html [32m200 [0m1.414 ms - 815[0m
[0mGET /images/intro/org/org.png [32m200 [0m0.850 ms - 106459[0m
[0mGET /templates/main/intro/job.html [32m200 [0m1.390 ms - 727[0m
[0mGET /templates/main/intro/job/0.html [32m200 [0m1.318 ms - 1599[0m
[0mGET /images/intro/job/Picture2.png [32m200 [0m1.135 ms - 49198[0m
[0mGET /images/intro/job/Picture1.png [32m200 [0m1.237 ms - 1246971[0m
[0mGET /templates/main/intro/location.html [32m200 [0m1.406 ms - 727[0m
[0mGET /templates/main/intro/location/0.html [32m200 [0m0.924 ms - 804[0m
[0mGET /images/intro/location/Picture1.png [32m200 [0m1.585 ms - 2836[0m
[0mGET /images/intro/location/Picture2.png [32m200 [0m1.658 ms - 232466[0m
[0mGET /templates/main/intro/location/1.html [32m200 [0m1.572 ms - 803[0m
[0mGET /templates/main/intro/location/2.html [32m200 [0m2.169 ms - 808[0m
[0mGET /templates/main/business/trade.html [32m200 [0m1.576 ms - 750[0m
[0mGET /templates/main/business/trade/0.html [32m200 [0m2.015 ms - 1554[0m
[0mGET /images/business/sub_bg2.jpg [32m200 [0m1.981 ms - 50525[0m
[0mGET /images/business/trade/Picture1.png [32m200 [0m2.053 ms - 8390[0m
[0mGET /images/business/trade/Picture2.png [32m200 [0m1.797 ms - 213090[0m
[0mGET /images/business/trade/Picture3.png [32m200 [0m1.502 ms - 209742[0m
[0mGET /templates/main/business/cable.html [32m200 [0m1.311 ms - 756[0m
[0mGET /templates/main/business/cable/0.html [32m200 [0m0.819 ms - 1376[0m
[0mGET /images/business/cable/Picture3.png [32m200 [0m2.799 ms - 9880[0m
[0mGET /images/business/cable/Picture1.png [32m200 [0m2.612 ms - 154178[0m
[0mGET /images/business/cable/Picture2.png [32m200 [0m3.031 ms - 239602[0m
[0mGET /templates/main/business/construction.html [32m200 [0m1.192 ms - 762[0m
[0mGET /templates/main/business/construct/0.html [32m200 [0m1.461 ms - 2626[0m
[0mGET /images/business/construct/Picture1.png [32m200 [0m1.224 ms - 11018[0m
[0mGET /images/business/construct/Picture3.png [32m200 [0m2.073 ms - 77999[0m
[0mGET /images/business/construct/Picture4.png [32m200 [0m1.693 ms - 82765[0m
[0mGET /images/business/construct/Picture2.png [32m200 [0m2.037 ms - 79197[0m
[0mGET /images/business/construct/Picture9.png [32m200 [0m2.156 ms - 67195[0m
[0mGET /templates/main/business/realestate.html [32m200 [0m1.864 ms - 771[0m
[0mGET /templates/main/business/re/0.html [32m200 [0m0.867 ms - 1450[0m
[0mGET /images/business/re/Picture1.png [32m200 [0m0.816 ms - 7678[0m
[0mGET /images/business/re/Picture8.png [32m200 [0m1.099 ms - 103408[0m
[0mGET /images/business/re/Picture9.png [32m200 [0m1.344 ms - 121851[0m
[0mGET /templates/main/product/construction.html [32m200 [0m1.242 ms - 759[0m
[0mGET /templates/main/product/construct/0.html [32m200 [0m1.309 ms - 2227[0m
[0mGET /images/icons/picture2.png [32m200 [0m0.932 ms - 2544[0m
[0mGET /images/icons/picture1.png [32m200 [0m1.838 ms - 3050[0m
[0mGET /images/icons/picture3.png [32m200 [0m2.965 ms - 3404[0m
[0mGET /images/product/construct/0/Picture2.png [32m200 [0m2.716 ms - 12978[0m
[0mGET /images/product/construct/0/Picture1.png [32m200 [0m1.459 ms - 162611[0m
[0mGET /templates/main/product/cable.html [32m200 [0m1.666 ms - 753[0m
[0mGET /templates/main/product/cable/0.html [32m200 [0m0.923 ms - 6285[0m
[0mGET /images/product/cable/0/Picture4.png [32m200 [0m5.973 ms - 22790[0m
[0mGET /images/product/cable/0/Picture2.png [32m200 [0m5.783 ms - 29619[0m
[0mGET /images/product/cable/0/Picture3.png [32m200 [0m3.768 ms - 22790[0m
[0mGET /images/product/cable/0/Picture5.png [32m200 [0m2.621 ms - 29619[0m
[0mGET /images/product/cable/0/Picture1.png [32m200 [0m3.649 ms - 29619[0m
[0mGET /images/product/cable/0/Picture6.png [32m200 [0m2.612 ms - 22790[0m
[0mGET /templates/main/product/cable/1.html [32m200 [0m1.588 ms - 6156[0m
[0mGET /images/product/cable/1/Picture1.png [32m200 [0m3.469 ms - 42058[0m
[0mGET /images/product/cable/1/Picture5.png [32m200 [0m3.581 ms - 55466[0m
[0mGET /images/product/cable/1/Picture2.png [32m200 [0m3.930 ms - 47249[0m
[0mGET /images/product/cable/1/Picture3.png [32m200 [0m4.424 ms - 67421[0m
[0mGET /images/product/cable/1/Picture4.png [32m200 [0m3.588 ms - 46438[0m
[0mGET /images/product/cable/1/Picture6.png [32m200 [0m3.204 ms - 55439[0m
[0mGET /templates/main/cr/contact.html [32m200 [0m1.230 ms - 1320[0m
[0mGET /templates/main/product/trade.html [32m200 [0m1.328 ms - 747[0m
[0mGET /templates/main/product/trade/0.html [32m200 [0m0.935 ms - 2459[0m
[0mGET /images/product/trade/0/Picture4.png [32m200 [0m3.290 ms - 58424[0m
[0mGET /images/product/trade/0/Picture5.png [32m200 [0m1.967 ms - 52182[0m
[0mGET /images/product/trade/0/Picture2.png [32m200 [0m4.160 ms - 77305[0m
[0mGET /images/product/trade/0/Picture3.png [32m200 [0m3.290 ms - 39537[0m
[0mGET /images/product/trade/0/Picture6.png [32m200 [0m2.138 ms - 79611[0m
[0mGET /images/product/trade/0/Picture1.png [32m200 [0m4.473 ms - 181412[0m
[0mGET /images/product/trade/0/Picture7.png [32m200 [0m1.359 ms - 91692[0m
[0mGET /images/product/trade/0/Picture8.png [32m200 [0m1.687 ms - 61256[0m
[0mGET /images/product/trade/0/Picture9.png [32m200 [0m1.633 ms - 85534[0m
[0mGET /images/product/trade/0/Picture10.png [32m200 [0m0.884 ms - 31343[0m
[0mGET /images/product/trade/0/Picture11.png [32m200 [0m1.320 ms - 56719[0m
[0mGET /images/product/trade/0/Picture12.png [32m200 [0m0.854 ms - 64650[0m
[0mGET /templates/main/product/realestate.html [32m200 [0m1.235 ms - 768[0m
[0mGET /templates/main/product/re/0.html [32m200 [0m0.842 ms - 2237[0m
[0mGET /images/product/re/0/Picture1.png [32m200 [0m0.854 ms - 125457[0m
[0mGET /images/product/re/0/Picture2.png [32m200 [0m1.004 ms - 174850[0m
[0mGET /images/product/re/1/Picture2.png [32m200 [0m2.031 ms - 143294[0m
[0mGET /images/product/re/1/Picture1.png [32m200 [0m2.177 ms - 146080[0m
[0mGET /images/product/re/2/Picture2.png [32m200 [0m1.128 ms - 122195[0m
[0mGET /images/product/re/2/Picture1.png [32m200 [0m0.920 ms - 159151[0m
[0mGET /templates/main/product/trade/1.html [32m200 [0m1.784 ms - 2501[0m
[0mGET /images/product/trade/1/Picture2.png [32m200 [0m4.320 ms - 17764[0m
[0mGET /images/product/trade/1/Picture3.png [32m200 [0m4.616 ms - 31429[0m
[0mGET /images/product/trade/1/Picture5.png [32m200 [0m4.559 ms - 47767[0m
[0mGET /images/product/trade/1/Picture4.png [32m200 [0m4.131 ms - 62532[0m
[0mGET /images/product/trade/1/Picture6.png [32m200 [0m3.203 ms - 94558[0m
[0mGET /images/product/trade/1/Picture1.png [32m200 [0m5.548 ms - 152414[0m
[0mGET /images/product/trade/1/Picture7.png [32m200 [0m1.622 ms - 136262[0m
[0mGET /templates/main/cr/inquiry.html [32m200 [0m1.382 ms - 4541[0m
[0mGET /templates/main/cr/notice.html [32m200 [0m1.474 ms - 872[0m
[0mGET /templates/main/pr/management.html [32m200 [0m3.049 ms - 1806[0m
[0mGET /images/pr/mgmt/Picture1.png [32m200 [0m2.270 ms - 162927[0m
[0mGET /images/intro/info/info.png [36m304 [0m0.409 ms - -[0m
[0mGET /images/intro/history/Picture1.png [36m304 [0m0.432 ms - -[0m
[0mGET /images/intro/vision/Picture1.png [36m304 [0m0.418 ms - -[0m
[0mGET /images/intro/org/org.png [36m304 [0m0.359 ms - -[0m
[0mGET /images/intro/job/Picture2.png [36m304 [0m0.546 ms - -[0m
[0mGET /images/intro/job/Picture1.png [36m304 [0m0.576 ms - -[0m
[0mGET /images/product/cable/0/Picture5.png [36m304 [0m0.679 ms - -[0m
[0mGET /images/product/cable/0/Picture6.png [36m304 [0m1.055 ms - -[0m
[0mGET /images/product/cable/0/Picture3.png [36m304 [0m0.596 ms - -[0m
[0mGET /images/product/re/0/Picture1.png [36m304 [0m0.764 ms - -[0m
[0mGET /images/product/re/0/Picture2.png [36m304 [0m1.667 ms - -[0m
[0mGET /templates/main/pr/cert.html [32m200 [0m1.443 ms - 967[0m
[0mGET /images/pr/cert/Picture1.png [32m200 [0m1.534 ms - 130598[0m
[0mGET /images/pr/cert/Picture2.png [32m200 [0m1.749 ms - 88036[0m
[0mGET /images/pr/cert/Picture3.png [32m200 [0m1.290 ms - 166670[0m
[0mGET /images/icons/picture2.png [36m304 [0m0.841 ms - -[0m
[0mGET /images/icons/picture3.png [36m304 [0m1.641 ms - -[0m
[0mGET /images/icons/picture1.png [36m304 [0m0.534 ms - -[0m
[0mGET /images/product/cable/0/Picture6.png [36m304 [0m1.297 ms - -[0m
[0mGET /images/product/cable/0/Picture5.png [36m304 [0m1.283 ms - -[0m
[0mGET /images/product/cable/0/Picture3.png [36m304 [0m1.035 ms - -[0m
[0mGET /images/product/trade/0/Picture3.png [36m304 [0m0.390 ms - -[0m
[0mGET /images/product/trade/0/Picture4.png [36m304 [0m0.655 ms - -[0m
[0mGET /images/product/trade/0/Picture1.png [36m304 [0m0.473 ms - -[0m
[0mGET /images/product/trade/0/Picture2.png [36m304 [0m0.473 ms - -[0m
[0mGET /images/product/trade/0/Picture6.png [36m304 [0m0.394 ms - -[0m
[0mGET /images/product/trade/0/Picture5.png [36m304 [0m0.347 ms - -[0m
[0mGET /images/product/trade/0/Picture7.png [36m304 [0m0.544 ms - -[0m
[0mGET /images/product/trade/0/Picture8.png [36m304 [0m0.521 ms - -[0m
[0mGET /images/product/trade/0/Picture9.png [36m304 [0m0.344 ms - -[0m
[0mGET /images/product/trade/0/Picture11.png [36m304 [0m0.775 ms - -[0m
[0mGET /images/product/trade/0/Picture10.png [36m304 [0m0.906 ms - -[0m
[0mGET /images/product/trade/0/Picture12.png [36m304 [0m0.265 ms - -[0m
[0mGET /images/product/re/0/Picture1.png [36m304 [0m0.343 ms - -[0m
[0mGET /images/product/re/0/Picture2.png [36m304 [0m0.279 ms - -[0m
[0mGET /images/intro/location/Picture2.png [36m304 [0m0.705 ms - -[0m
[0mGET /images/intro/location/Picture1.png [36m304 [0m0.809 ms - -[0m
[0mGET /images/intro/job/Picture1.png [36m304 [0m0.344 ms - -[0m
[0mGET /images/intro/job/Picture2.png [36m304 [0m0.345 ms - -[0m
[0mGET /images/intro/org/org.png [36m304 [0m0.245 ms - -[0m
[0mGET /images/intro/history/Picture1.png [36m304 [0m0.254 ms - -[0m
[0mGET /images/intro/vision/Picture1.png [36m304 [0m0.247 ms - -[0m
[0mGET /images/product/trade/1/Picture2.png [36m304 [0m0.854 ms - -[0m
[0mGET /images/product/trade/1/Picture1.png [36m304 [0m0.418 ms - -[0m
[0mGET /images/product/trade/1/Picture4.png [36m304 [0m0.422 ms - -[0m
[0mGET /images/product/trade/1/Picture3.png [36m304 [0m0.267 ms - -[0m
[0mGET /images/product/trade/1/Picture5.png [36m304 [0m1.765 ms - -[0m
[0mGET /images/product/trade/1/Picture6.png [36m304 [0m1.971 ms - -[0m
[0mGET /images/product/trade/1/Picture7.png [36m304 [0m0.287 ms - -[0m
[0mGET /images/product/re/0/Picture2.png [36m304 [0m0.545 ms - -[0m
[0mGET /images/product/re/0/Picture1.png [36m304 [0m0.856 ms - -[0m
[0mGET /images/product/construct/0/Picture2.png [36m304 [0m0.604 ms - -[0m
[0mGET /images/product/construct/0/Picture1.png [36m304 [0m0.606 ms - -[0m
[0mGET /images/product/trade/0/Picture3.png [36m304 [0m2.612 ms - -[0m
[0mGET /images/product/trade/0/Picture2.png [36m304 [0m2.012 ms - -[0m
[0mGET /images/product/trade/0/Picture1.png [36m304 [0m1.476 ms - -[0m
[0mGET /images/product/trade/0/Picture5.png [36m304 [0m6.410 ms - -[0m
[0mGET /images/product/trade/0/Picture4.png [36m304 [0m6.876 ms - -[0m
[0mGET /images/product/trade/0/Picture6.png [36m304 [0m6.974 ms - -[0m
[0mGET /images/product/trade/0/Picture8.png [36m304 [0m0.430 ms - -[0m
[0mGET /images/product/trade/0/Picture7.png [36m304 [0m0.674 ms - -[0m
[0mGET /images/product/trade/0/Picture9.png [36m304 [0m0.502 ms - -[0m
[0mGET /images/product/trade/0/Picture10.png [36m304 [0m0.275 ms - -[0m
[0mGET /images/product/trade/0/Picture11.png [36m304 [0m1.263 ms - -[0m
[0mGET /images/product/trade/0/Picture12.png [36m304 [0m1.225 ms - -[0m
[0mGET /images/icons/picture2.png [36m304 [0m0.718 ms - -[0m
[0mGET /images/icons/picture1.png [36m304 [0m1.504 ms - -[0m
[0mGET /images/icons/picture3.png [36m304 [0m0.615 ms - -[0m
[0mGET /images/product/cable/0/Picture3.png [36m304 [0m0.590 ms - -[0m
[0mGET /images/product/cable/0/Picture5.png [36m304 [0m0.826 ms - -[0m
[0mGET /images/product/cable/0/Picture6.png [36m304 [0m1.164 ms - -[0m
[0mGET /images/product/construct/0/Picture1.png [36m304 [0m0.832 ms - -[0m
[0mGET /images/product/construct/0/Picture2.png [36m304 [0m1.516 ms - -[0m
[0mGET /images/product/trade/0/Picture2.png [36m304 [0m0.898 ms - -[0m
[0mGET /images/product/trade/0/Picture1.png [36m304 [0m0.549 ms - -[0m
[0mGET /images/product/trade/0/Picture3.png [36m304 [0m1.458 ms - -[0m
[0mGET /images/product/trade/0/Picture5.png [36m304 [0m1.210 ms - -[0m
[0mGET /images/product/trade/0/Picture4.png [36m304 [0m1.169 ms - -[0m
[0mGET /images/product/trade/0/Picture6.png [36m304 [0m1.142 ms - -[0m
[0mGET /images/product/trade/0/Picture7.png [36m304 [0m0.584 ms - -[0m
[0mGET /images/product/trade/0/Picture8.png [36m304 [0m0.344 ms - -[0m
[0mGET /images/product/trade/0/Picture9.png [36m304 [0m0.610 ms - -[0m
[0mGET /images/product/trade/0/Picture10.png [36m304 [0m0.316 ms - -[0m
[0mGET /images/product/trade/0/Picture11.png [36m304 [0m0.500 ms - -[0m
[0mGET /images/product/trade/0/Picture12.png [36m304 [0m0.359 ms - -[0m
[0mGET /images/product/trade/1/Picture1.png [36m304 [0m1.215 ms - -[0m
[0mGET /images/product/trade/1/Picture3.png [36m304 [0m1.162 ms - -[0m
[0mGET /images/product/trade/1/Picture2.png [36m304 [0m1.145 ms - -[0m
[0mGET /images/product/trade/1/Picture5.png [36m304 [0m0.661 ms - -[0m
[0mGET /images/product/trade/1/Picture6.png [36m304 [0m0.926 ms - -[0m
[0mGET /images/product/trade/1/Picture4.png [36m304 [0m0.387 ms - -[0m
[0mGET /images/product/trade/1/Picture7.png [36m304 [0m0.343 ms - -[0m
[0mGET /images/product/trade/0/Picture2.png [36m304 [0m0.882 ms - -[0m
[0mGET /images/product/trade/0/Picture4.png [36m304 [0m0.894 ms - -[0m
[0mGET /images/product/trade/0/Picture3.png [36m304 [0m1.161 ms - -[0m
[0mGET /images/product/trade/0/Picture1.png [36m304 [0m1.218 ms - -[0m
[0mGET /images/product/trade/0/Picture5.png [36m304 [0m1.076 ms - -[0m
[0mGET /images/product/trade/0/Picture6.png [36m304 [0m1.170 ms - -[0m
[0mGET /images/product/trade/0/Picture7.png [36m304 [0m0.827 ms - -[0m
[0mGET /images/product/trade/0/Picture8.png [36m304 [0m0.678 ms - -[0m
[0mGET /images/product/trade/0/Picture9.png [36m304 [0m0.277 ms - -[0m
[0mGET /images/product/trade/0/Picture10.png [36m304 [0m0.377 ms - -[0m
[0mGET /images/product/trade/0/Picture11.png [36m304 [0m0.376 ms - -[0m
[0mGET /images/product/trade/0/Picture12.png [36m304 [0m0.355 ms - -[0m
[0mGET /images/product/cable/1/Picture1.png [36m304 [0m1.271 ms - -[0m
[0mGET /images/product/cable/1/Picture2.png [36m304 [0m1.078 ms - -[0m
[0mGET /images/product/cable/1/Picture3.png [36m304 [0m0.978 ms - -[0m
[0mGET /images/product/cable/1/Picture4.png [36m304 [0m0.703 ms - -[0m
[0mGET /images/product/cable/1/Picture6.png [36m304 [0m0.783 ms - -[0m
[0mGET /images/product/cable/1/Picture5.png [36m304 [0m0.699 ms - -[0m
[0mGET /templates/main/product/cable/2.html [32m200 [0m1.574 ms - 6466[0m
[0mGET /images/product/cable/2/Picture1.png [32m200 [0m1.475 ms - 12201[0m
[0mGET /images/product/cable/2/Picture3.png [32m200 [0m2.982 ms - 12201[0m
[0mGET /images/product/cable/2/Picture2.png [32m200 [0m2.985 ms - 13635[0m
[0mGET /images/product/cable/2/Picture4.png [32m200 [0m2.582 ms - 16032[0m
[0mGET /images/product/cable/2/Picture5.png [32m200 [0m2.491 ms - 13635[0m
[0mGET /images/product/cable/2/Picture6.png [32m200 [0m2.639 ms - 22736[0m
[0mGET /images/product/cable/2/Picture7.png [32m200 [0m1.455 ms - 12365[0m
[0mGET /images/product/cable/2/Picture8.png [32m200 [0m1.004 ms - 16032[0m
[0mGET /images/product/cable/2/Picture9.png [32m200 [0m0.885 ms - 13635[0m
[0mGET /images/product/cable/2/Picture10.png [32m200 [0m0.903 ms - 22736[0m
[0mGET /templates/main/product/cable/3.html [32m200 [0m1.600 ms - 6802[0m
[0mGET /images/product/cable/3/Picture2.png [32m200 [0m2.915 ms - 8752[0m
[0mGET /images/product/cable/3/Picture1.png [32m200 [0m2.906 ms - 14216[0m
[0mGET /images/product/cable/3/Picture3.png [32m200 [0m2.450 ms - 14216[0m
[0mGET /images/product/cable/3/Picture4.png [32m200 [0m1.818 ms - 9552[0m
[0mGET /images/product/cable/3/Picture5.png [32m200 [0m2.064 ms - 9552[0m
[0mGET /images/product/cable/3/Picture6.png [32m200 [0m1.102 ms - 35052[0m
[0mGET /images/product/cable/3/Picture7.png [32m200 [0m0.872 ms - 35052[0m
[0mGET /images/product/cable/3/Picture8.png [32m200 [0m1.322 ms - 35052[0m
[0mGET /images/product/cable/3/Picture9.png [32m200 [0m1.022 ms - 35052[0m
[0mGET /templates/main/product/cable/4.html [32m200 [0m1.605 ms - 6995[0m
[0mGET /images/product/cable/4/Picture2.png [32m200 [0m1.762 ms - 13250[0m
[0mGET /images/product/cable/4/Picture4.png [32m200 [0m1.157 ms - 65991[0m
[0mGET /images/product/cable/4/Picture1.png [32m200 [0m1.501 ms - 12978[0m
[0mGET /images/product/cable/4/Picture5.png [32m200 [0m1.278 ms - 46094[0m
[0mGET /images/product/cable/4/Picture3.png [32m200 [0m1.697 ms - 65991[0m
[0mGET /images/product/cable/4/Picture6.png [32m200 [0m1.606 ms - 46094[0m
[0mGET / [32m200 [0m1.452 ms - 6704[0m
[0mGET /libraries/bootstrap/css/bootstrap.min.css [32m200 [0m1.311 ms - 122540[0m
[0mGET /libraries/font-awesome/css/font-awesome.min.css [32m200 [0m2.444 ms - 27466[0m
[0mGET /libraries/slick/slick.css [32m200 [0m3.174 ms - 1729[0m
[0mGET /stylesheets/common/common.css [32m200 [0m2.269 ms - 1287[0m
[0mGET /stylesheets/common/navBar.css [32m200 [0m2.222 ms - 3176[0m
[0mGET /stylesheets/main.css [32m200 [0m1.826 ms - 465[0m
[0mGET /stylesheets/common/sideBar.css [32m200 [0m0.732 ms - 473[0m
[0mGET /stylesheets/index/index.css [32m200 [0m1.085 ms - 1012[0m
[0mGET /stylesheets/intro/intro.css [32m200 [0m1.032 ms - 11448[0m
[0mGET /stylesheets/product/product.css [32m200 [0m1.103 ms - 2556[0m
[0mGET /stylesheets/business/business.css [32m200 [0m1.957 ms - 2292[0m
[0mGET /stylesheets/pr/pr.css [32m200 [0m0.943 ms - 676[0m
[0mGET /stylesheets/cr/cr.css [32m200 [0m1.032 ms - 3014[0m
[0mGET /libraries/jquery/jquery.min.js [32m200 [0m1.085 ms - 97244[0m
[0mGET /libraries/slick/slick.min.js [32m200 [0m1.079 ms - 41953[0m
[0mGET /libraries/bootstrap/js/bootstrap.min.js [32m200 [0m1.421 ms - 36816[0m
[0mGET /libraries/angular/angular-animate.min.js [32m200 [0m1.503 ms - 25342[0m
[0mGET /libraries/angular/angular.min.js [32m200 [0m1.313 ms - 155225[0m
[0mGET /libraries/angular/angular-route.min.js [32m200 [0m0.891 ms - 4582[0m
[0mGET /libraries/angular/angular-sanitize.min.js [32m200 [0m0.909 ms - 5828[0m
[0mGET /javascripts/main/config/mainConfig.js [32m200 [0m0.977 ms - 221[0m
[0mGET /javascripts/main/config/routeConfig.js [32m200 [0m1.036 ms - 7729[0m
[0mGET /javascripts/providers/config/providerConfig.js [32m200 [0m1.401 ms - 71[0m
[0mGET /javascripts/filters/config/filterConfig.js [32m200 [0m1.454 ms - 67[0m
[0mGET /javascripts/providers/socketProvider.js [32m200 [0m1.186 ms - 229[0m
[0mGET /javascripts/providers/accountProvider.js [32m200 [0m1.402 ms - 3759[0m
[0mGET /javascripts/filters/reverseFilter.js [32m200 [0m1.830 ms - 168[0m
[0mGET /javascripts/providers/shingiProvider.js [32m200 [0m1.914 ms - 3181[0m
[0mGET /javascripts/main/directives/navDirective.js [32m200 [0m1.282 ms - 218[0m
[0mGET /javascripts/main/directives/sideBarDirective.js [32m200 [0m0.875 ms - 222[0m
[0mGET /javascripts/main/controllers/mainCtrl.js [32m200 [0m0.851 ms - 638[0m
[0mGET /javascripts/main/controllers/common/navCtrl.js [32m200 [0m1.069 ms - 3797[0m
[0mGET /javascripts/main/controllers/index/indexCtrl.js [32m200 [0m1.928 ms - 1272[0m
[0mGET /javascripts/main/controllers/intro/ceoCtrl.js [32m200 [0m2.042 ms - 127[0m
[0mGET /javascripts/main/controllers/intro/infoCtrl.js [32m200 [0m1.741 ms - 129[0m
[0mGET /javascripts/main/controllers/common/sideCtrl.js [32m200 [0m2.292 ms - 379[0m
[0mGET /javascripts/main/controllers/intro/visionCtrl.js [32m200 [0m1.274 ms - 133[0m
[0mGET /javascripts/main/controllers/intro/historyCtrl.js [32m200 [0m1.098 ms - 135[0m
[0mGET /javascripts/main/controllers/intro/orgCtrl.js [32m200 [0m1.058 ms - 127[0m
[0mGET /javascripts/main/controllers/intro/jobCtrl.js [32m200 [0m1.081 ms - 1331[0m
[0mGET /javascripts/main/controllers/business/bCableCtrl.js [32m200 [0m0.851 ms - 820[0m
[0mGET /javascripts/main/controllers/intro/locationCtrl.js [32m200 [0m1.808 ms - 877[0m
[0mGET /javascripts/main/controllers/business/bTradeCtrl.js [32m200 [0m0.898 ms - 820[0m
[0mGET /javascripts/main/controllers/business/bConstructCtrl.js [32m200 [0m1.008 ms - 885[0m
[0mGET /javascripts/main/controllers/business/bRealestateCtrl.js [32m200 [0m1.089 ms - 886[0m
[0mGET /javascripts/main/controllers/product/pCableCtrl.js [32m200 [0m1.247 ms - 47543[0m
[0mGET /javascripts/main/controllers/product/pConstructCtrl.js [32m200 [0m1.068 ms - 9341[0m
[0mGET /javascripts/main/controllers/product/pTradeCtrl.js [32m200 [0m0.912 ms - 10523[0m
[0mGET /javascripts/main/controllers/product/pRealestateCtrl.js [32m200 [0m2.023 ms - 6832[0m
[0mGET /javascripts/main/controllers/pr/mgmtCtrl.js [32m200 [0m1.585 ms - 129[0m
[0mGET /javascripts/main/controllers/pr/certCtrl.js [32m200 [0m0.986 ms - 129[0m
[0mGET /javascripts/main/controllers/pr/isoCtrl.js [32m200 [0m0.893 ms - 127[0m
[0mGET /javascripts/main/controllers/cr/contactCtrl.js [32m200 [0m0.728 ms - 150[0m
[0mGET /javascripts/main/controllers/cr/inquiryCtrl.js [32m200 [0m0.907 ms - 793[0m
[0mGET /javascripts/main/controllers/cr/noticeCtrl.js [32m200 [0m0.803 ms - 727[0m
[0mGET /templates/main/common/navBar.html [32m200 [0m1.348 ms - 1383[0m
[0mGET /templates/main/common/sideBar.html [32m200 [0m1.003 ms - 200[0m
[0mGET /templates/main/index/index.html [32m200 [0m0.881 ms - 932[0m
[0mGET /favicon.ico [33m404 [0m3.343 ms - 1037[0m
[0mGET /images/logos/logo.png [32m200 [0m0.953 ms - 15069[0m
[0mGET /images/bg/bg4-min.png [32m200 [0m1.568 ms - 344793[0m
[0mGET /images/icons/cable.png [32m200 [0m0.973 ms - 4516[0m
[0mGET /images/icons/trade.png [32m200 [0m1.405 ms - 3357[0m
[0mGET /libraries/font-awesome/fonts/fontawesome-webfont.eot? [32m200 [0m1.556 ms - 70807[0m
[0mGET /images/icons/construction.png [32m200 [0m0.916 ms - 3430[0m
[0mGET /images/icons/realestate.png [32m200 [0m0.894 ms - 3203[0m
[0mGET /images/bg/bg1-min.png [32m200 [0m1.162 ms - 385609[0m
[0mGET /images/banner/hiring.png [32m200 [0m1.357 ms - 221319[0m
[0mGET /images/banner/contact.png [32m200 [0m1.695 ms - 9556[0m
[0mGET /images/banner/inquiry.png [32m200 [0m0.911 ms - 15496[0m
[0mGET /images/bg/bg2-min.png [32m200 [0m2.387 ms - 304878[0m
[0mGET /images/bg/bg3-min.png [32m200 [0m2.905 ms - 529397[0m
[0mGET /templates/main/intro/info.html [32m200 [0m1.441 ms - 1303[0m
[0mGET /images/intro/sub_bg.jpg [32m200 [0m0.932 ms - 32564[0m
[0mGET /images/intro/info/info.png [32m200 [0m1.083 ms - 178589[0m
[0mGET /templates/main/intro/vision.html [32m200 [0m1.401 ms - 3692[0m
[0mGET /images/intro/vision/Picture1.png [32m200 [0m1.442 ms - 99066[0m
[0mGET /templates/main/intro/history.html [32m200 [0m1.402 ms - 2262[0m
[0mGET /images/intro/history/Picture1.png [32m200 [0m1.134 ms - 51724[0m
[0mGET /templates/main/intro/org.html [32m200 [0m1.552 ms - 815[0m
[0mGET /images/intro/org/org.png [32m200 [0m1.134 ms - 106459[0m
[0mGET /templates/main/intro/job.html [32m200 [0m1.415 ms - 727[0m
[0mGET /templates/main/intro/job/0.html [32m200 [0m0.891 ms - 1599[0m
[0mGET /images/intro/job/Picture2.png [32m200 [0m1.877 ms - 49198[0m
[0mGET /images/intro/job/Picture1.png [32m200 [0m1.810 ms - 1246971[0m
[0mGET /templates/main/intro/location.html [32m200 [0m1.413 ms - 727[0m
[0mGET /templates/main/intro/location/0.html [32m200 [0m0.975 ms - 804[0m
[0mGET /images/intro/location/Picture1.png [32m200 [0m0.951 ms - 2836[0m
[0mGET /images/intro/location/Picture2.png [32m200 [0m1.593 ms - 232466[0m
[0mGET /templates/main/business/cable.html [32m200 [0m1.464 ms - 756[0m
[0mGET /templates/main/business/cable/0.html [32m200 [0m1.017 ms - 1376[0m
[0mGET /images/business/sub_bg2.jpg [32m200 [0m1.158 ms - 50525[0m
[0mGET /images/business/cable/Picture3.png [32m200 [0m1.454 ms - 9880[0m
[0mGET /images/business/cable/Picture1.png [32m200 [0m2.015 ms - 154178[0m
[0mGET /images/business/cable/Picture2.png [32m200 [0m1.667 ms - 239602[0m
[0mGET /templates/main/business/trade.html [32m200 [0m1.442 ms - 750[0m
[0mGET /templates/main/business/trade/0.html [32m200 [0m0.962 ms - 1554[0m
[0mGET /images/business/trade/Picture1.png [32m200 [0m1.623 ms - 8390[0m
[0mGET /images/business/trade/Picture3.png [32m200 [0m2.126 ms - 209742[0m
[0mGET /images/business/trade/Picture2.png [32m200 [0m1.624 ms - 213090[0m
[0mGET /templates/main/business/construction.html [32m200 [0m1.455 ms - 762[0m
[0mGET /templates/main/business/construct/0.html [32m200 [0m0.984 ms - 2626[0m
[0mGET /images/business/construct/Picture1.png [32m200 [0m1.379 ms - 11018[0m
[0mGET /images/business/construct/Picture3.png [32m200 [0m1.726 ms - 77999[0m
[0mGET /images/business/construct/Picture2.png [32m200 [0m1.975 ms - 79197[0m
[0mGET /images/business/construct/Picture4.png [32m200 [0m1.443 ms - 82765[0m
[0mGET /images/business/construct/Picture9.png [32m200 [0m1.228 ms - 67195[0m
[0mGET /templates/main/business/realestate.html [32m200 [0m1.449 ms - 771[0m
[0mGET /templates/main/business/re/0.html [32m200 [0m0.936 ms - 1450[0m
[0mGET /images/business/re/Picture1.png [32m200 [0m1.615 ms - 7678[0m
[0mGET /images/business/re/Picture8.png [32m200 [0m1.507 ms - 103408[0m
[0mGET /images/business/re/Picture9.png [32m200 [0m1.594 ms - 121851[0m
[0mGET /templates/main/product/cable.html [32m200 [0m1.991 ms - 753[0m
[0mGET /templates/main/product/cable/0.html [32m200 [0m0.982 ms - 6285[0m
[0mGET /images/icons/picture2.png [32m200 [0m2.191 ms - 2544[0m
[0mGET /images/icons/picture3.png [32m200 [0m2.311 ms - 3404[0m
[0mGET /images/icons/picture1.png [32m200 [0m2.017 ms - 3050[0m
[0mGET /images/product/cable/0/Picture2.png [32m200 [0m2.867 ms - 29619[0m
[0mGET /images/product/cable/0/Picture1.png [32m200 [0m3.034 ms - 29619[0m
[0mGET /images/product/cable/0/Picture3.png [32m200 [0m1.106 ms - 22790[0m
[0mGET /images/product/cable/0/Picture4.png [32m200 [0m1.027 ms - 22790[0m
[0mGET /images/product/cable/0/Picture5.png [32m200 [0m1.084 ms - 29619[0m
[0mGET /images/product/cable/0/Picture6.png [32m200 [0m0.991 ms - 22790[0m
[0mGET /templates/main/product/cable/1.html [32m200 [0m1.630 ms - 6156[0m
[0mGET /images/product/cable/1/Picture1.png [32m200 [0m1.739 ms - 42058[0m
[0mGET /images/product/cable/1/Picture2.png [32m200 [0m1.894 ms - 47249[0m
[0mGET /images/product/cable/1/Picture3.png [32m200 [0m1.061 ms - 67421[0m
[0mGET /images/product/cable/1/Picture4.png [32m200 [0m1.099 ms - 46438[0m
[0mGET /images/product/cable/1/Picture5.png [32m200 [0m1.353 ms - 55466[0m
[0mGET /images/product/cable/1/Picture6.png [32m200 [0m1.373 ms - 55439[0m
[0mGET /templates/main/product/cable/2.html [32m200 [0m0.524 ms - 6466[0m
[0mGET /images/product/cable/2/Picture2.png [32m200 [0m1.031 ms - 13635[0m
[0mGET /images/product/cable/2/Picture1.png [32m200 [0m1.099 ms - 12201[0m
[0mGET /images/product/cable/2/Picture3.png [32m200 [0m0.675 ms - 12201[0m
[0mGET /images/product/cable/2/Picture4.png [32m200 [0m0.570 ms - 16032[0m
[0mGET /images/product/cable/2/Picture5.png [32m200 [0m0.525 ms - 13635[0m
[0mGET /images/product/cable/2/Picture6.png [32m200 [0m0.687 ms - 22736[0m
[0mGET /images/product/cable/2/Picture7.png [32m200 [0m0.537 ms - 12365[0m
[0mGET /images/product/cable/2/Picture8.png [32m200 [0m0.715 ms - 16032[0m
[0mGET /images/product/cable/2/Picture9.png [32m200 [0m0.523 ms - 13635[0m
[0mGET /images/product/cable/2/Picture10.png [32m200 [0m0.594 ms - 22736[0m
[0mGET /templates/main/product/cable/3.html [32m200 [0m0.671 ms - 6802[0m
[0mGET /images/product/cable/3/Picture1.png [32m200 [0m1.053 ms - 14216[0m
[0mGET /images/product/cable/3/Picture2.png [32m200 [0m1.060 ms - 8752[0m
[0mGET /images/product/cable/3/Picture3.png [32m200 [0m0.521 ms - 14216[0m
[0mGET /images/product/cable/3/Picture4.png [32m200 [0m0.515 ms - 9552[0m
[0mGET /images/product/cable/3/Picture5.png [32m200 [0m0.679 ms - 9552[0m
[0mGET /images/product/cable/3/Picture6.png [32m200 [0m0.570 ms - 35052[0m
[0mGET /images/product/cable/3/Picture7.png [32m200 [0m0.697 ms - 35052[0m
[0mGET /images/product/cable/3/Picture8.png [32m200 [0m0.528 ms - 35052[0m
[0mGET /images/product/cable/3/Picture9.png [32m200 [0m0.526 ms - 35052[0m
[0mGET /templates/main/product/cable/4.html [32m200 [0m0.630 ms - 6995[0m
[0mGET /images/product/cable/4/Picture1.png [32m200 [0m1.151 ms - 12978[0m
[0mGET /images/product/cable/4/Picture2.png [32m200 [0m1.234 ms - 13250[0m
[0mGET /images/product/cable/4/Picture3.png [32m200 [0m0.599 ms - 65991[0m
[0mGET /images/product/cable/4/Picture4.png [32m200 [0m0.581 ms - 65991[0m
[0mGET /images/product/cable/4/Picture5.png [32m200 [0m0.704 ms - 46094[0m
[0mGET /images/product/cable/4/Picture6.png [32m200 [0m0.530 ms - 46094[0m
[0mGET /templates/main/product/trade.html [32m200 [0m1.486 ms - 747[0m
[0mGET /templates/main/product/trade/0.html [32m200 [0m1.071 ms - 2459[0m
[0mGET /images/product/trade/0/Picture1.png [32m200 [0m1.070 ms - 181412[0m
[0mGET /images/product/trade/0/Picture2.png [32m200 [0m1.334 ms - 77305[0m
[0mGET /images/product/trade/0/Picture3.png [32m200 [0m1.190 ms - 39537[0m
[0mGET /images/product/trade/0/Picture4.png [32m200 [0m1.328 ms - 58424[0m
[0mGET /images/product/trade/0/Picture5.png [32m200 [0m1.859 ms - 52182[0m
[0mGET /images/product/trade/0/Picture6.png [32m200 [0m1.263 ms - 79611[0m
[0mGET /images/product/trade/0/Picture7.png [32m200 [0m1.705 ms - 91692[0m
[0mGET /images/product/trade/0/Picture8.png [32m200 [0m1.538 ms - 61256[0m
[0mGET /images/product/trade/0/Picture9.png [32m200 [0m1.506 ms - 85534[0m
[0mGET /images/product/trade/0/Picture10.png [32m200 [0m1.169 ms - 31343[0m
[0mGET /images/product/trade/0/Picture11.png [32m200 [0m2.074 ms - 56719[0m
[0mGET /images/product/trade/0/Picture12.png [32m200 [0m1.351 ms - 64650[0m
[0mGET /templates/main/product/trade/1.html [32m200 [0m1.483 ms - 2501[0m
[0mGET /images/product/trade/1/Picture1.png [32m200 [0m1.512 ms - 152414[0m
[0mGET /images/product/trade/1/Picture2.png [32m200 [0m1.033 ms - 17764[0m
[0mGET /images/product/trade/1/Picture3.png [32m200 [0m1.049 ms - 31429[0m
[0mGET /images/product/trade/1/Picture4.png [32m200 [0m1.404 ms - 62532[0m
[0mGET /images/product/trade/1/Picture5.png [32m200 [0m1.266 ms - 47767[0m
[0mGET /images/product/trade/1/Picture6.png [32m200 [0m0.958 ms - 94558[0m
[0mGET /images/product/trade/1/Picture7.png [32m200 [0m1.172 ms - 136262[0m
[0mGET /templates/main/product/realestate.html [32m200 [0m1.453 ms - 768[0m
[0mGET /templates/main/product/re/0.html [32m200 [0m1.050 ms - 2237[0m
[0mGET /images/product/re/0/Picture1.png [32m200 [0m1.731 ms - 125457[0m
[0mGET /images/product/re/0/Picture2.png [32m200 [0m1.852 ms - 174850[0m
[0mGET /images/product/re/1/Picture1.png [32m200 [0m2.232 ms - 146080[0m
[0mGET /images/product/re/1/Picture2.png [32m200 [0m1.802 ms - 143294[0m
[0mGET /images/product/re/2/Picture2.png [32m200 [0m1.132 ms - 122195[0m
[0mGET /images/product/re/2/Picture1.png [32m200 [0m1.568 ms - 159151[0m
[0mGET /templates/main/pr/management.html [32m200 [0m1.694 ms - 1806[0m
[0mGET /images/pr/mgmt/Picture1.png [32m200 [0m1.092 ms - 162927[0m
[0mGET /templates/main/pr/cert.html [32m200 [0m1.377 ms - 967[0m
[0mGET /images/pr/cert/Picture1.png [32m200 [0m0.937 ms - 130598[0m
[0mGET /images/pr/cert/Picture2.png [32m200 [0m1.487 ms - 88036[0m
[0mGET /images/pr/cert/Picture3.png [32m200 [0m0.984 ms - 166670[0m
[0mGET /templates/main/pr/iso.html [32m200 [0m1.455 ms - 1098[0m
[0mGET /images/pr/ios/Picture2.png [32m200 [0m1.599 ms - 153530[0m
[0mGET /images/pr/ios/Picture1.png [32m200 [0m1.830 ms - 148336[0m
[0mGET /templates/main/cr/contact.html [32m200 [0m1.440 ms - 1320[0m
[0mGET /images/intro/job/Picture2.png [36m304 [0m0.584 ms - -[0m
[0mGET /images/intro/job/Picture1.png [36m304 [0m0.545 ms - -[0m
[0mGET /templates/main/intro/job/1.html [32m200 [0m1.585 ms - 2307[0m
[0mGET /templates/main/cr/inquiry.html [32m200 [0m1.611 ms - 4541[0m
[0mGET /templates/main/cr/notice.html [32m200 [0m1.377 ms - 872[0m
[0mGET /templates/main/cr/noticeDetail.html [32m200 [0m1.594 ms - 1010[0m
[0mGET /images/intro/info/info.png [36m304 [0m0.505 ms - -[0m
[0mGET /images/intro/history/Picture1.png [36m304 [0m0.340 ms - -[0m
